[2022-11-25 18:13:05.351] [jointLog] [info] setting maxHashResizeThreads to 4
[2022-11-25 18:13:05.351] [jointLog] [info] Fragment incompatibility prior below threshold.  Incompatible fragments will be ignored.
[2022-11-25 18:13:05.351] [jointLog] [info] Usage of --validateMappings implies use of minScoreFraction. Since not explicitly specified, it is being set to 0.65
[2022-11-25 18:13:05.351] [jointLog] [info] Setting consensusSlack to selective-alignment default of 0.35.
[2022-11-25 18:13:05.351] [jointLog] [info] parsing read library format
[2022-11-25 18:13:05.351] [jointLog] [info] There is 1 library.
[2022-11-25 18:13:05.600] [jointLog] [info] Loading pufferfish index
[2022-11-25 18:13:05.619] [jointLog] [info] Loading dense pufferfish index.
[2022-11-25 18:16:25.973] [jointLog] [info] done
[2022-11-25 18:16:25.973] [jointLog] [info] Index contained 245,455 targets
[2022-11-25 18:16:31.892] [jointLog] [info] Number of decoys : 194
[2022-11-25 18:16:31.892] [jointLog] [info] First decoy index : 245,220 
[2022-11-25 18:16:34.479] [jointLog] [info] Automatically detected most likely library type as ISF

[2022-11-25 18:55:24.588] [jointLog] [info] Thread saw mini-batch with a maximum of 1.98% zero probability fragments
[2022-11-25 18:55:24.769] [jointLog] [info] Thread saw mini-batch with a maximum of 2.02% zero probability fragments
[2022-11-25 18:55:25.139] [jointLog] [info] Thread saw mini-batch with a maximum of 1.98% zero probability fragments
[2022-11-25 18:55:25.320] [jointLog] [info] Thread saw mini-batch with a maximum of 2.04% zero probability fragments
[2022-11-25 18:55:26.571] [jointLog] [info] Computed 507,205 rich equivalence classes for further processing
[2022-11-25 18:55:26.571] [jointLog] [info] Counted 40,042,820 total reads in the equivalence classes 
[2022-11-25 18:55:26.651] [jointLog] [warning] 0.00143983% of fragments were shorter than the k used to build the index.
If this fraction is too large, consider re-building the index with a smaller k.
The minimum read size found was 15.


[2022-11-25 18:55:26.652] [jointLog] [info] Number of mappings discarded because of alignment score : 23,269,156
[2022-11-25 18:55:26.652] [jointLog] [info] Number of fragments entirely discarded because of alignment score : 2,811,791
[2022-11-25 18:55:26.652] [jointLog] [info] Number of fragments discarded because they are best-mapped to decoys : 1,601,024
[2022-11-25 18:55:26.652] [jointLog] [info] Number of fragments discarded because they have only dovetail (discordant) mappings to valid targets : 569,377
[2022-11-25 18:55:26.652] [jointLog] [info] Mapping rate = 82.8375%

[2022-11-25 18:55:26.652] [jointLog] [info] finished quantifyLibrary()
[2022-11-25 18:55:26.684] [jointLog] [info] Starting optimizer
[2022-11-25 18:55:26.572] [fileLog] [info] 
At end of round 0
==================
Observed 48338989 total fragments (48338989 in most recent round)

[2022-11-25 18:55:27.554] [jointLog] [info] Marked 0 weighted equivalence classes as degenerate
[2022-11-25 18:55:27.714] [jointLog] [info] iteration = 0 | max rel diff. = 3247.39
[2022-11-25 18:55:29.038] [jointLog] [info] iteration 11, adjusting effective lengths to account for biases
[2022-11-25 19:02:27.954] [jointLog] [info] Computed expected counts (for bias correction)
[2022-11-25 19:02:27.955] [jointLog] [info] processed bias for 0.0% of the transcripts
[2022-11-25 19:03:10.028] [jointLog] [info] processed bias for 10.0% of the transcripts
[2022-11-25 19:03:48.636] [jointLog] [info] processed bias for 20.0% of the transcripts
[2022-11-25 19:04:25.876] [jointLog] [info] processed bias for 30.0% of the transcripts
[2022-11-25 19:05:03.175] [jointLog] [info] processed bias for 40.0% of the transcripts
[2022-11-25 19:05:43.993] [jointLog] [info] processed bias for 50.0% of the transcripts
[2022-11-25 19:06:24.674] [jointLog] [info] processed bias for 60.0% of the transcripts
[2022-11-25 19:07:02.373] [jointLog] [info] processed bias for 70.0% of the transcripts
[2022-11-25 19:07:38.308] [jointLog] [info] processed bias for 80.0% of the transcripts
[2022-11-25 19:08:17.366] [jointLog] [info] processed bias for 90.0% of the transcripts
[2022-11-25 19:08:59.805] [jointLog] [info] processed bias for 100.0% of the transcripts
[2022-11-25 19:09:07.762] [jointLog] [info] iteration = 100 | max rel diff. = 18.3287
[2022-11-25 19:09:17.475] [jointLog] [info] iteration = 200 | max rel diff. = 19.6086
[2022-11-25 19:09:27.099] [jointLog] [info] iteration = 300 | max rel diff. = 2.28815
[2022-11-25 19:09:35.317] [jointLog] [info] iteration = 400 | max rel diff. = 1.9811
[2022-11-25 19:09:45.079] [jointLog] [info] iteration = 500 | max rel diff. = 2.90896
[2022-11-25 19:09:53.798] [jointLog] [info] iteration = 600 | max rel diff. = 0.353599
[2022-11-25 19:10:01.840] [jointLog] [info] iteration = 700 | max rel diff. = 0.142494
[2022-11-25 19:10:09.675] [jointLog] [info] iteration = 800 | max rel diff. = 0.524619
[2022-11-25 19:10:18.152] [jointLog] [info] iteration = 900 | max rel diff. = 1.36603
[2022-11-25 19:10:26.615] [jointLog] [info] iteration = 1,000 | max rel diff. = 0.293588
[2022-11-25 19:10:36.092] [jointLog] [info] iteration = 1,100 | max rel diff. = 0.702302
[2022-11-25 19:10:43.853] [jointLog] [info] iteration = 1,200 | max rel diff. = 0.0981554
[2022-11-25 19:10:52.620] [jointLog] [info] iteration = 1,300 | max rel diff. = 0.0486859
[2022-11-25 19:11:02.195] [jointLog] [info] iteration = 1,400 | max rel diff. = 0.203261
[2022-11-25 19:11:11.071] [jointLog] [info] iteration = 1,500 | max rel diff. = 11.7089
[2022-11-25 19:11:19.928] [jointLog] [info] iteration = 1,600 | max rel diff. = 1.0225
[2022-11-25 19:11:27.701] [jointLog] [info] iteration = 1,700 | max rel diff. = 0.0592988
[2022-11-25 19:11:36.644] [jointLog] [info] iteration = 1,800 | max rel diff. = 0.340211
[2022-11-25 19:11:42.772] [jointLog] [info] iteration = 1,865 | max rel diff. = 0.00590053
[2022-11-25 19:11:42.848] [jointLog] [info] Finished optimizer
[2022-11-25 19:11:42.848] [jointLog] [info] writing output 

[2022-11-25 19:11:44.163] [jointLog] [info] Starting Bootstrapping
[2022-11-25 19:11:45.085] [jointLog] [info] Will draw 50 bootstrap samples
[2022-11-25 19:11:45.085] [jointLog] [info] Optimizing over 507,205 equivalence classes
[2022-11-25 19:11:45.185] [jointLog] [info] Marked 0 weighted equivalence classes as degenerate
[2022-11-25 19:25:01.875] [jointLog] [info] wrote 1 bootstraps
[2022-11-25 19:27:31.421] [jointLog] [info] wrote 2 bootstraps
[2022-11-25 19:29:01.985] [jointLog] [info] wrote 3 bootstraps
[2022-11-25 19:30:15.419] [jointLog] [info] wrote 4 bootstraps
[2022-11-25 19:33:35.128] [jointLog] [info] wrote 5 bootstraps
[2022-11-25 19:35:53.406] [jointLog] [info] wrote 6 bootstraps
[2022-11-25 19:37:57.285] [jointLog] [info] wrote 7 bootstraps
[2022-11-25 19:39:36.993] [jointLog] [info] wrote 8 bootstraps
[2022-11-25 19:40:32.738] [jointLog] [info] wrote 9 bootstraps
[2022-11-25 19:45:03.170] [jointLog] [info] wrote 10 bootstraps
[2022-11-25 19:45:46.525] [jointLog] [info] wrote 11 bootstraps
[2022-11-25 19:47:28.494] [jointLog] [info] wrote 12 bootstraps
[2022-11-25 19:51:12.362] [jointLog] [info] wrote 13 bootstraps
[2022-11-25 19:52:34.357] [jointLog] [info] wrote 14 bootstraps
[2022-11-25 19:53:54.770] [jointLog] [info] wrote 15 bootstraps
[2022-11-25 19:57:49.350] [jointLog] [info] wrote 16 bootstraps
[2022-11-25 19:58:15.516] [jointLog] [info] wrote 17 bootstraps
[2022-11-25 20:00:57.314] [jointLog] [info] wrote 18 bootstraps
[2022-11-25 20:04:58.756] [jointLog] [info] wrote 19 bootstraps
[2022-11-25 20:05:32.347] [jointLog] [info] wrote 20 bootstraps
[2022-11-25 20:06:35.174] [jointLog] [info] wrote 21 bootstraps
[2022-11-25 20:10:48.195] [jointLog] [info] wrote 22 bootstraps
[2022-11-25 20:12:40.243] [jointLog] [info] wrote 23 bootstraps
[2022-11-25 20:13:47.506] [jointLog] [info] wrote 24 bootstraps
[2022-11-25 20:16:08.700] [jointLog] [info] wrote 25 bootstraps
[2022-11-25 20:18:19.769] [jointLog] [info] wrote 26 bootstraps
[2022-11-25 20:19:44.140] [jointLog] [info] wrote 27 bootstraps
[2022-11-25 20:22:21.177] [jointLog] [info] wrote 28 bootstraps
[2022-11-25 20:23:00.117] [jointLog] [info] wrote 29 bootstraps
[2022-11-25 20:25:41.053] [jointLog] [info] wrote 30 bootstraps
[2022-11-25 20:29:11.186] [jointLog] [info] wrote 31 bootstraps
[2022-11-25 20:30:19.628] [jointLog] [info] wrote 32 bootstraps
[2022-11-25 20:31:14.963] [jointLog] [info] wrote 33 bootstraps
[2022-11-25 20:35:10.126] [jointLog] [info] wrote 34 bootstraps
[2022-11-25 20:36:25.034] [jointLog] [info] wrote 35 bootstraps
[2022-11-25 20:37:26.043] [jointLog] [info] wrote 36 bootstraps
[2022-11-25 20:41:17.188] [jointLog] [info] wrote 37 bootstraps
[2022-11-25 20:43:06.752] [jointLog] [info] wrote 38 bootstraps
[2022-11-25 20:43:26.047] [jointLog] [info] wrote 39 bootstraps
[2022-11-25 20:48:11.080] [jointLog] [info] wrote 40 bootstraps
[2022-11-25 20:48:25.162] [jointLog] [info] wrote 41 bootstraps
[2022-11-25 20:51:00.863] [jointLog] [info] wrote 42 bootstraps
[2022-11-25 20:53:52.862] [jointLog] [info] wrote 43 bootstraps
[2022-11-25 20:56:28.372] [jointLog] [info] wrote 44 bootstraps
[2022-11-25 20:57:40.818] [jointLog] [info] wrote 45 bootstraps
[2022-11-25 21:00:41.948] [jointLog] [info] wrote 46 bootstraps
[2022-11-25 21:01:09.138] [jointLog] [info] wrote 47 bootstraps
[2022-11-25 21:03:38.280] [jointLog] [info] wrote 48 bootstraps
[2022-11-25 21:06:22.301] [jointLog] [info] wrote 49 bootstraps
[2022-11-25 21:06:34.379] [jointLog] [info] wrote 50 bootstraps
[2022-11-25 21:06:34.450] [jointLog] [info] Finished Bootstrapping
[2022-11-25 21:06:34.450] [jointLog] [info] Computing gene-level abundance estimates
[2022-11-25 21:09:02.244] [jointLog] [info] There were 246624 transcripts mapping to 61544 genes
[2022-11-25 21:09:02.249] [jointLog] [info] NOTE: We recommend using tximport (https://bioconductor.org/packages/release/bioc/html/tximport.html) for aggregating transcript-level salmon abundance estimates to the gene level.  It is more versatile, exposes more features, and allows considering multi-sample information during aggregation.
[2022-11-25 21:09:12.197] [jointLog] [info] Aggregating expressions to gene level
[2022-11-25 21:09:13.653] [jointLog] [info] done
