[2022-11-26 05:37:12.700] [jointLog] [info] setting maxHashResizeThreads to 4
[2022-11-26 05:37:12.700] [jointLog] [info] Fragment incompatibility prior below threshold.  Incompatible fragments will be ignored.
[2022-11-26 05:37:12.700] [jointLog] [info] Usage of --validateMappings implies use of minScoreFraction. Since not explicitly specified, it is being set to 0.65
[2022-11-26 05:37:12.700] [jointLog] [info] Setting consensusSlack to selective-alignment default of 0.35.
[2022-11-26 05:37:12.700] [jointLog] [info] parsing read library format
[2022-11-26 05:37:12.700] [jointLog] [info] There is 1 library.
[2022-11-26 05:37:13.356] [jointLog] [info] Loading pufferfish index
[2022-11-26 05:37:13.427] [jointLog] [info] Loading dense pufferfish index.
[2022-11-26 05:38:03.283] [jointLog] [info] done
[2022-11-26 05:38:03.283] [jointLog] [info] Index contained 245,455 targets
[2022-11-26 05:38:07.885] [jointLog] [info] Number of decoys : 194
[2022-11-26 05:38:07.885] [jointLog] [info] First decoy index : 245,220 
[2022-11-26 05:38:14.954] [jointLog] [info] Automatically detected most likely library type as ISF

[2022-11-26 08:15:58.140] [jointLog] [info] Thread saw mini-batch with a maximum of 1.96% zero probability fragments
[2022-11-26 08:15:58.274] [jointLog] [info] Thread saw mini-batch with a maximum of 1.66% zero probability fragments
[2022-11-26 08:15:58.462] [jointLog] [info] Thread saw mini-batch with a maximum of 1.70% zero probability fragments
[2022-11-26 08:15:58.582] [jointLog] [info] Thread saw mini-batch with a maximum of 1.76% zero probability fragments
[2022-11-26 08:15:59.486] [fileLog] [info] 
At end of round 0
==================
Observed 73949707 total fragments (73949707 in most recent round)

[2022-11-26 08:15:59.485] [jointLog] [info] Computed 601,458 rich equivalence classes for further processing
[2022-11-26 08:15:59.485] [jointLog] [info] Counted 61,718,992 total reads in the equivalence classes 
[2022-11-26 08:15:59.490] [jointLog] [warning] 0.00643005% of fragments were shorter than the k used to build the index.
If this fraction is too large, consider re-building the index with a smaller k.
The minimum read size found was 15.


[2022-11-26 08:15:59.490] [jointLog] [info] Number of mappings discarded because of alignment score : 38,725,956
[2022-11-26 08:15:59.490] [jointLog] [info] Number of fragments entirely discarded because of alignment score : 4,332,078
[2022-11-26 08:15:59.490] [jointLog] [info] Number of fragments discarded because they are best-mapped to decoys : 2,409,183
[2022-11-26 08:15:59.490] [jointLog] [info] Number of fragments discarded because they have only dovetail (discordant) mappings to valid targets : 915,061
[2022-11-26 08:15:59.490] [jointLog] [info] Mapping rate = 83.4608%

[2022-11-26 08:15:59.490] [jointLog] [info] finished quantifyLibrary()
[2022-11-26 08:15:59.751] [jointLog] [info] Starting optimizer
[2022-11-26 08:16:00.257] [jointLog] [info] Marked 0 weighted equivalence classes as degenerate
[2022-11-26 08:16:00.326] [jointLog] [info] iteration = 0 | max rel diff. = 32.263
[2022-11-26 08:16:01.307] [jointLog] [info] iteration 11, adjusting effective lengths to account for biases
[2022-11-26 08:18:28.065] [jointLog] [info] Computed expected counts (for bias correction)
[2022-11-26 08:18:28.065] [jointLog] [info] processed bias for 0.0% of the transcripts
[2022-11-26 08:18:39.217] [jointLog] [info] processed bias for 10.0% of the transcripts
[2022-11-26 08:18:50.230] [jointLog] [info] processed bias for 20.0% of the transcripts
[2022-11-26 08:19:05.976] [jointLog] [info] processed bias for 30.0% of the transcripts
[2022-11-26 08:19:22.516] [jointLog] [info] processed bias for 40.0% of the transcripts
[2022-11-26 08:19:37.783] [jointLog] [info] processed bias for 50.0% of the transcripts
[2022-11-26 08:19:53.142] [jointLog] [info] processed bias for 60.0% of the transcripts
[2022-11-26 08:20:09.363] [jointLog] [info] processed bias for 70.0% of the transcripts
[2022-11-26 08:20:24.162] [jointLog] [info] processed bias for 80.0% of the transcripts
[2022-11-26 08:20:42.590] [jointLog] [info] processed bias for 90.0% of the transcripts
[2022-11-26 08:20:56.921] [jointLog] [info] processed bias for 100.0% of the transcripts
[2022-11-26 08:21:03.611] [jointLog] [info] iteration = 100 | max rel diff. = 16.6614
[2022-11-26 08:21:10.248] [jointLog] [info] iteration = 200 | max rel diff. = 14.9459
[2022-11-26 08:21:17.374] [jointLog] [info] iteration = 300 | max rel diff. = 18.9108
[2022-11-26 08:21:23.707] [jointLog] [info] iteration = 400 | max rel diff. = 6.89409
[2022-11-26 08:21:30.741] [jointLog] [info] iteration = 500 | max rel diff. = 3.41777
[2022-11-26 08:21:37.200] [jointLog] [info] iteration = 600 | max rel diff. = 2.68115
[2022-11-26 08:21:44.093] [jointLog] [info] iteration = 700 | max rel diff. = 2.21827
[2022-11-26 08:21:50.839] [jointLog] [info] iteration = 800 | max rel diff. = 19.0419
[2022-11-26 08:21:57.692] [jointLog] [info] iteration = 900 | max rel diff. = 1.02841
[2022-11-26 08:22:04.936] [jointLog] [info] iteration = 1,000 | max rel diff. = 3.8709
[2022-11-26 08:22:11.771] [jointLog] [info] iteration = 1,100 | max rel diff. = 0.126261
[2022-11-26 08:22:19.448] [jointLog] [info] iteration = 1,200 | max rel diff. = 0.439498
[2022-11-26 08:22:25.887] [jointLog] [info] iteration = 1,300 | max rel diff. = 0.0666677
[2022-11-26 08:22:32.949] [jointLog] [info] iteration = 1,400 | max rel diff. = 0.0477471
[2022-11-26 08:22:39.452] [jointLog] [info] iteration = 1,500 | max rel diff. = 1.11517
[2022-11-26 08:22:46.166] [jointLog] [info] iteration = 1,600 | max rel diff. = 0.0971915
[2022-11-26 08:22:53.571] [jointLog] [info] iteration = 1,700 | max rel diff. = 0.0477052
[2022-11-26 08:23:00.550] [jointLog] [info] iteration = 1,800 | max rel diff. = 0.307103
[2022-11-26 08:23:02.776] [jointLog] [info] iteration = 1,835 | max rel diff. = 0.00986578
[2022-11-26 08:23:02.834] [jointLog] [info] Finished optimizer
[2022-11-26 08:23:02.834] [jointLog] [info] writing output 

[2022-11-26 08:23:05.568] [jointLog] [info] Starting Bootstrapping
[2022-11-26 08:23:06.058] [jointLog] [info] Will draw 50 bootstrap samples
[2022-11-26 08:23:06.058] [jointLog] [info] Optimizing over 601,458 equivalence classes
[2022-11-26 08:23:06.167] [jointLog] [info] Marked 0 weighted equivalence classes as degenerate
[2022-11-26 08:26:52.826] [jointLog] [info] wrote 1 bootstraps
[2022-11-26 08:28:31.111] [jointLog] [info] wrote 2 bootstraps
[2022-11-26 08:28:58.084] [jointLog] [info] wrote 3 bootstraps
[2022-11-26 08:31:40.416] [jointLog] [info] wrote 4 bootstraps
[2022-11-26 08:33:47.716] [jointLog] [info] wrote 5 bootstraps
[2022-11-26 08:34:30.819] [jointLog] [info] wrote 6 bootstraps
[2022-11-26 08:35:26.692] [jointLog] [info] wrote 7 bootstraps
[2022-11-26 08:37:19.494] [jointLog] [info] wrote 8 bootstraps
[2022-11-26 08:39:29.545] [jointLog] [info] wrote 9 bootstraps
[2022-11-26 08:40:23.108] [jointLog] [info] wrote 10 bootstraps
[2022-11-26 08:41:42.592] [jointLog] [info] wrote 11 bootstraps
[2022-11-26 08:44:14.685] [jointLog] [info] wrote 12 bootstraps
[2022-11-26 08:44:51.519] [jointLog] [info] wrote 13 bootstraps
[2022-11-26 08:46:03.865] [jointLog] [info] wrote 14 bootstraps
[2022-11-26 08:48:46.795] [jointLog] [info] wrote 15 bootstraps
[2022-11-26 08:49:39.663] [jointLog] [info] wrote 16 bootstraps
[2022-11-26 08:50:40.096] [jointLog] [info] wrote 17 bootstraps
[2022-11-26 08:53:46.232] [jointLog] [info] wrote 18 bootstraps
[2022-11-26 08:54:09.973] [jointLog] [info] wrote 19 bootstraps
[2022-11-26 08:54:54.822] [jointLog] [info] wrote 20 bootstraps
[2022-11-26 08:58:34.026] [jointLog] [info] wrote 21 bootstraps
[2022-11-26 08:59:16.539] [jointLog] [info] wrote 22 bootstraps
[2022-11-26 09:00:04.735] [jointLog] [info] wrote 23 bootstraps
[2022-11-26 09:02:35.274] [jointLog] [info] wrote 24 bootstraps
[2022-11-26 09:03:32.375] [jointLog] [info] wrote 25 bootstraps
[2022-11-26 09:03:55.634] [jointLog] [info] wrote 26 bootstraps
[2022-11-26 09:07:00.751] [jointLog] [info] wrote 27 bootstraps
[2022-11-26 09:08:17.117] [jointLog] [info] wrote 28 bootstraps
[2022-11-26 09:09:12.605] [jointLog] [info] wrote 29 bootstraps
[2022-11-26 09:11:26.944] [jointLog] [info] wrote 30 bootstraps
[2022-11-26 09:13:26.109] [jointLog] [info] wrote 31 bootstraps
[2022-11-26 09:13:28.223] [jointLog] [info] wrote 32 bootstraps
[2022-11-26 09:14:56.573] [jointLog] [info] wrote 33 bootstraps
[2022-11-26 09:18:20.474] [jointLog] [info] wrote 34 bootstraps
[2022-11-26 09:18:36.600] [jointLog] [info] wrote 35 bootstraps
[2022-11-26 09:19:06.029] [jointLog] [info] wrote 36 bootstraps
[2022-11-26 09:22:09.669] [jointLog] [info] wrote 37 bootstraps
[2022-11-26 09:22:53.730] [jointLog] [info] wrote 38 bootstraps
[2022-11-26 09:23:25.087] [jointLog] [info] wrote 39 bootstraps
[2022-11-26 09:27:11.011] [jointLog] [info] wrote 40 bootstraps
[2022-11-26 09:28:12.415] [jointLog] [info] wrote 41 bootstraps
[2022-11-26 09:28:40.602] [jointLog] [info] wrote 42 bootstraps
[2022-11-26 09:30:52.725] [jointLog] [info] wrote 43 bootstraps
[2022-11-26 09:33:11.875] [jointLog] [info] wrote 44 bootstraps
[2022-11-26 09:33:54.449] [jointLog] [info] wrote 45 bootstraps
[2022-11-26 09:36:00.447] [jointLog] [info] wrote 46 bootstraps
[2022-11-26 09:38:47.671] [jointLog] [info] wrote 47 bootstraps
[2022-11-26 09:39:45.416] [jointLog] [info] wrote 48 bootstraps
[2022-11-26 09:39:53.480] [jointLog] [info] wrote 49 bootstraps
[2022-11-26 09:43:46.044] [jointLog] [info] wrote 50 bootstraps
[2022-11-26 09:43:46.087] [jointLog] [info] Finished Bootstrapping
[2022-11-26 09:43:46.087] [jointLog] [info] Computing gene-level abundance estimates
[2022-11-26 09:44:42.737] [jointLog] [info] There were 246624 transcripts mapping to 61544 genes
[2022-11-26 09:44:42.954] [jointLog] [info] NOTE: We recommend using tximport (https://bioconductor.org/packages/release/bioc/html/tximport.html) for aggregating transcript-level salmon abundance estimates to the gene level.  It is more versatile, exposes more features, and allows considering multi-sample information during aggregation.
[2022-11-26 09:44:43.551] [jointLog] [info] Aggregating expressions to gene level
[2022-11-26 09:44:44.767] [jointLog] [info] done
