[2022-11-25 21:25:59.562] [jointLog] [info] setting maxHashResizeThreads to 4
[2022-11-25 21:25:59.562] [jointLog] [info] Fragment incompatibility prior below threshold.  Incompatible fragments will be ignored.
[2022-11-25 21:25:59.562] [jointLog] [info] Usage of --validateMappings implies use of minScoreFraction. Since not explicitly specified, it is being set to 0.65
[2022-11-25 21:25:59.562] [jointLog] [info] Setting consensusSlack to selective-alignment default of 0.35.
[2022-11-25 21:25:59.562] [jointLog] [info] parsing read library format
[2022-11-25 21:25:59.562] [jointLog] [info] There is 1 library.
[2022-11-25 21:25:59.692] [jointLog] [info] Loading pufferfish index
[2022-11-25 21:25:59.697] [jointLog] [info] Loading dense pufferfish index.
[2022-11-25 21:27:15.165] [jointLog] [info] done
[2022-11-25 21:27:15.165] [jointLog] [info] Index contained 245,455 targets
[2022-11-25 21:27:21.055] [jointLog] [info] Number of decoys : 194
[2022-11-25 21:27:21.055] [jointLog] [info] First decoy index : 245,220 
[2022-11-25 21:27:23.519] [jointLog] [info] Automatically detected most likely library type as ISF

[2022-11-25 22:22:31.490] [jointLog] [info] Thread saw mini-batch with a maximum of 1.88% zero probability fragments
[2022-11-25 22:22:31.576] [jointLog] [info] Thread saw mini-batch with a maximum of 1.82% zero probability fragments
[2022-11-25 22:22:31.680] [jointLog] [info] Thread saw mini-batch with a maximum of 1.80% zero probability fragments
[2022-11-25 22:22:31.690] [jointLog] [info] Thread saw mini-batch with a maximum of 1.90% zero probability fragments
[2022-11-25 22:22:32.756] [fileLog] [info] 
At end of round 0
==================
Observed 68694555 total fragments (68694555 in most recent round)

[2022-11-25 22:22:32.755] [jointLog] [info] Computed 574,019 rich equivalence classes for further processing
[2022-11-25 22:22:32.755] [jointLog] [info] Counted 57,889,252 total reads in the equivalence classes 
[2022-11-25 22:22:32.764] [jointLog] [warning] 0.00701802% of fragments were shorter than the k used to build the index.
If this fraction is too large, consider re-building the index with a smaller k.
The minimum read size found was 15.


[2022-11-25 22:22:32.764] [jointLog] [info] Number of mappings discarded because of alignment score : 37,524,726
[2022-11-25 22:22:32.764] [jointLog] [info] Number of fragments entirely discarded because of alignment score : 3,847,678
[2022-11-25 22:22:32.764] [jointLog] [info] Number of fragments discarded because they are best-mapped to decoys : 1,967,752
[2022-11-25 22:22:32.764] [jointLog] [info] Number of fragments discarded because they have only dovetail (discordant) mappings to valid targets : 930,042
[2022-11-25 22:22:32.764] [jointLog] [info] Mapping rate = 84.2705%

[2022-11-25 22:22:32.764] [jointLog] [info] finished quantifyLibrary()
[2022-11-25 22:22:32.784] [jointLog] [info] Starting optimizer
[2022-11-25 22:22:33.275] [jointLog] [info] Marked 0 weighted equivalence classes as degenerate
[2022-11-25 22:22:33.345] [jointLog] [info] iteration = 0 | max rel diff. = 222.693
[2022-11-25 22:22:34.018] [jointLog] [info] iteration 11, adjusting effective lengths to account for biases
[2022-11-25 22:28:40.977] [jointLog] [info] Computed expected counts (for bias correction)
[2022-11-25 22:28:40.977] [jointLog] [info] processed bias for 0.0% of the transcripts
[2022-11-25 22:29:17.599] [jointLog] [info] processed bias for 10.0% of the transcripts
[2022-11-25 22:29:49.750] [jointLog] [info] processed bias for 20.0% of the transcripts
[2022-11-25 22:30:22.728] [jointLog] [info] processed bias for 30.0% of the transcripts
[2022-11-25 22:30:58.892] [jointLog] [info] processed bias for 40.0% of the transcripts
[2022-11-25 22:31:34.390] [jointLog] [info] processed bias for 50.0% of the transcripts
[2022-11-25 22:32:08.195] [jointLog] [info] processed bias for 60.0% of the transcripts
[2022-11-25 22:32:41.771] [jointLog] [info] processed bias for 70.0% of the transcripts
[2022-11-25 22:33:13.734] [jointLog] [info] processed bias for 80.0% of the transcripts
[2022-11-25 22:33:45.503] [jointLog] [info] processed bias for 90.0% of the transcripts
[2022-11-25 22:34:19.823] [jointLog] [info] processed bias for 100.0% of the transcripts
[2022-11-25 22:34:28.241] [jointLog] [info] iteration = 100 | max rel diff. = 17.3937
[2022-11-25 22:34:37.580] [jointLog] [info] iteration = 200 | max rel diff. = 20.3163
[2022-11-25 22:34:47.119] [jointLog] [info] iteration = 300 | max rel diff. = 11.7245
[2022-11-25 22:34:55.886] [jointLog] [info] iteration = 400 | max rel diff. = 8.71741
[2022-11-25 22:35:04.902] [jointLog] [info] iteration = 500 | max rel diff. = 17.9647
[2022-11-25 22:35:14.687] [jointLog] [info] iteration = 600 | max rel diff. = 0.847639
[2022-11-25 22:35:23.521] [jointLog] [info] iteration = 700 | max rel diff. = 7.41746
[2022-11-25 22:35:32.268] [jointLog] [info] iteration = 800 | max rel diff. = 0.137854
[2022-11-25 22:35:40.592] [jointLog] [info] iteration = 900 | max rel diff. = 0.198576
[2022-11-25 22:35:49.785] [jointLog] [info] iteration = 1,000 | max rel diff. = 19.2627
[2022-11-25 22:35:58.771] [jointLog] [info] iteration = 1,100 | max rel diff. = 0.296804
[2022-11-25 22:36:07.251] [jointLog] [info] iteration = 1,200 | max rel diff. = 0.11487
[2022-11-25 22:36:16.029] [jointLog] [info] iteration = 1,300 | max rel diff. = 0.172153
[2022-11-25 22:36:24.616] [jointLog] [info] iteration = 1,400 | max rel diff. = 0.0762273
[2022-11-25 22:36:33.420] [jointLog] [info] iteration = 1,500 | max rel diff. = 0.442779
[2022-11-25 22:36:42.474] [jointLog] [info] iteration = 1,600 | max rel diff. = 0.260073
[2022-11-25 22:36:52.924] [jointLog] [info] iteration = 1,700 | max rel diff. = 0.322139
[2022-11-25 22:37:02.727] [jointLog] [info] iteration = 1,800 | max rel diff. = 0.116815
[2022-11-25 22:37:11.382] [jointLog] [info] iteration = 1,900 | max rel diff. = 0.0678059
[2022-11-25 22:37:19.939] [jointLog] [info] iteration = 2,000 | max rel diff. = 0.115966
[2022-11-25 22:37:28.278] [jointLog] [info] iteration = 2,100 | max rel diff. = 0.109543
[2022-11-25 22:37:37.179] [jointLog] [info] iteration = 2,200 | max rel diff. = 0.0442824
[2022-11-25 22:37:46.830] [jointLog] [info] iteration = 2,300 | max rel diff. = 1.11075
[2022-11-25 22:37:46.955] [jointLog] [info] iteration = 2,303 | max rel diff. = 0.00541919
[2022-11-25 22:37:47.022] [jointLog] [info] Finished optimizer
[2022-11-25 22:37:47.022] [jointLog] [info] writing output 

[2022-11-25 22:37:47.938] [jointLog] [info] Starting Bootstrapping
[2022-11-25 22:37:48.631] [jointLog] [info] Will draw 50 bootstrap samples
[2022-11-25 22:37:48.631] [jointLog] [info] Optimizing over 574,019 equivalence classes
[2022-11-25 22:37:48.729] [jointLog] [info] Marked 0 weighted equivalence classes as degenerate
[2022-11-25 22:43:55.556] [jointLog] [info] wrote 1 bootstraps
[2022-11-25 22:44:10.595] [jointLog] [info] wrote 2 bootstraps
[2022-11-25 22:45:46.473] [jointLog] [info] wrote 3 bootstraps
[2022-11-25 22:51:27.108] [jointLog] [info] wrote 4 bootstraps
[2022-11-25 22:52:03.333] [jointLog] [info] wrote 5 bootstraps
[2022-11-25 22:53:09.663] [jointLog] [info] wrote 6 bootstraps
[2022-11-25 22:58:44.186] [jointLog] [info] wrote 7 bootstraps
[2022-11-25 22:58:54.919] [jointLog] [info] wrote 8 bootstraps
[2022-11-25 23:00:34.831] [jointLog] [info] wrote 9 bootstraps
[2022-11-25 23:05:34.545] [jointLog] [info] wrote 10 bootstraps
[2022-11-25 23:05:46.581] [jointLog] [info] wrote 11 bootstraps
[2022-11-25 23:06:20.245] [jointLog] [info] wrote 12 bootstraps
[2022-11-25 23:11:12.137] [jointLog] [info] wrote 13 bootstraps
[2022-11-25 23:11:39.628] [jointLog] [info] wrote 14 bootstraps
[2022-11-25 23:12:47.419] [jointLog] [info] wrote 15 bootstraps
[2022-11-25 23:17:09.322] [jointLog] [info] wrote 16 bootstraps
[2022-11-25 23:17:36.653] [jointLog] [info] wrote 17 bootstraps
[2022-11-25 23:20:19.929] [jointLog] [info] wrote 18 bootstraps
[2022-11-25 23:24:33.779] [jointLog] [info] wrote 19 bootstraps
[2022-11-25 23:25:24.134] [jointLog] [info] wrote 20 bootstraps
[2022-11-25 23:29:30.708] [jointLog] [info] wrote 21 bootstraps
[2022-11-25 23:30:23.305] [jointLog] [info] wrote 22 bootstraps
[2022-11-25 23:31:00.139] [jointLog] [info] wrote 23 bootstraps
[2022-11-25 23:37:06.386] [jointLog] [info] wrote 24 bootstraps
[2022-11-25 23:37:10.958] [jointLog] [info] wrote 25 bootstraps
[2022-11-25 23:37:41.590] [jointLog] [info] wrote 26 bootstraps
[2022-11-25 23:43:41.497] [jointLog] [info] wrote 27 bootstraps
[2022-11-25 23:43:43.060] [jointLog] [info] wrote 28 bootstraps
[2022-11-25 23:43:48.795] [jointLog] [info] wrote 29 bootstraps
[2022-11-25 23:50:18.714] [jointLog] [info] wrote 30 bootstraps
[2022-11-25 23:51:45.261] [jointLog] [info] wrote 31 bootstraps
[2022-11-25 23:52:57.196] [jointLog] [info] wrote 32 bootstraps
[2022-11-25 23:57:49.680] [jointLog] [info] wrote 33 bootstraps
[2022-11-25 23:58:03.179] [jointLog] [info] wrote 34 bootstraps
[2022-11-25 23:59:54.951] [jointLog] [info] wrote 35 bootstraps
[2022-11-26 00:04:06.901] [jointLog] [info] wrote 36 bootstraps
[2022-11-26 00:04:39.578] [jointLog] [info] wrote 37 bootstraps
[2022-11-26 00:05:59.431] [jointLog] [info] wrote 38 bootstraps
[2022-11-26 00:08:58.152] [jointLog] [info] wrote 39 bootstraps
[2022-11-26 00:11:36.642] [jointLog] [info] wrote 40 bootstraps
[2022-11-26 00:13:21.282] [jointLog] [info] wrote 41 bootstraps
[2022-11-26 00:15:13.930] [jointLog] [info] wrote 42 bootstraps
[2022-11-26 00:17:41.687] [jointLog] [info] wrote 43 bootstraps
[2022-11-26 00:18:58.521] [jointLog] [info] wrote 44 bootstraps
[2022-11-26 00:22:36.788] [jointLog] [info] wrote 45 bootstraps
[2022-11-26 00:24:30.179] [jointLog] [info] wrote 46 bootstraps
[2022-11-26 00:25:47.620] [jointLog] [info] wrote 47 bootstraps
[2022-11-26 00:29:32.790] [jointLog] [info] wrote 48 bootstraps
[2022-11-26 00:31:12.143] [jointLog] [info] wrote 49 bootstraps
[2022-11-26 00:33:19.781] [jointLog] [info] wrote 50 bootstraps
[2022-11-26 00:33:19.883] [jointLog] [info] Finished Bootstrapping
[2022-11-26 00:33:19.883] [jointLog] [info] Computing gene-level abundance estimates
[2022-11-26 00:34:43.724] [jointLog] [info] There were 246624 transcripts mapping to 61544 genes
[2022-11-26 00:34:43.725] [jointLog] [info] NOTE: We recommend using tximport (https://bioconductor.org/packages/release/bioc/html/tximport.html) for aggregating transcript-level salmon abundance estimates to the gene level.  It is more versatile, exposes more features, and allows considering multi-sample information during aggregation.
[2022-11-26 00:34:45.125] [jointLog] [info] Aggregating expressions to gene level
[2022-11-26 00:34:45.648] [jointLog] [info] done
