[2022-11-25 18:12:37.549] [jointLog] [info] setting maxHashResizeThreads to 4
[2022-11-25 18:12:37.549] [jointLog] [info] Fragment incompatibility prior below threshold.  Incompatible fragments will be ignored.
[2022-11-25 18:12:37.549] [jointLog] [info] Usage of --validateMappings implies use of minScoreFraction. Since not explicitly specified, it is being set to 0.65
[2022-11-25 18:12:37.549] [jointLog] [info] Setting consensusSlack to selective-alignment default of 0.35.
[2022-11-25 18:12:37.549] [jointLog] [info] parsing read library format
[2022-11-25 18:12:37.549] [jointLog] [info] There is 1 library.
[2022-11-25 18:12:37.770] [jointLog] [info] Loading pufferfish index
[2022-11-25 18:12:37.853] [jointLog] [info] Loading dense pufferfish index.
[2022-11-25 18:13:49.377] [jointLog] [info] done
[2022-11-25 18:13:49.377] [jointLog] [info] Index contained 245,455 targets
[2022-11-25 18:13:55.162] [jointLog] [info] Number of decoys : 194
[2022-11-25 18:13:55.162] [jointLog] [info] First decoy index : 245,220 
[2022-11-25 18:13:58.097] [jointLog] [info] Automatically detected most likely library type as ISF

[2022-11-25 19:06:08.225] [jointLog] [info] Thread saw mini-batch with a maximum of 2.08% zero probability fragments
[2022-11-25 19:06:08.587] [jointLog] [info] Thread saw mini-batch with a maximum of 2.06% zero probability fragments
[2022-11-25 19:06:08.671] [jointLog] [info] Thread saw mini-batch with a maximum of 2.04% zero probability fragments
[2022-11-25 19:06:08.740] [jointLog] [info] Thread saw mini-batch with a maximum of 2.10% zero probability fragments
[2022-11-25 19:06:09.894] [jointLog] [info] Computed 603,471 rich equivalence classes for further processing
[2022-11-25 19:06:09.894] [jointLog] [info] Counted 55,884,656 total reads in the equivalence classes 
[2022-11-25 19:06:09.903] [jointLog] [warning] 0.00654872% of fragments were shorter than the k used to build the index.
If this fraction is too large, consider re-building the index with a smaller k.
The minimum read size found was 15.


[2022-11-25 19:06:09.903] [jointLog] [info] Number of mappings discarded because of alignment score : 34,064,209
[2022-11-25 19:06:09.903] [jointLog] [info] Number of fragments entirely discarded because of alignment score : 4,159,016
[2022-11-25 19:06:09.903] [jointLog] [info] Number of fragments discarded because they are best-mapped to decoys : 2,356,549
[2022-11-25 19:06:09.903] [jointLog] [info] Number of fragments discarded because they have only dovetail (discordant) mappings to valid targets : 784,426
[2022-11-25 19:06:09.903] [jointLog] [info] Mapping rate = 82.7805%

[2022-11-25 19:06:09.903] [jointLog] [info] finished quantifyLibrary()
[2022-11-25 19:06:09.924] [jointLog] [info] Starting optimizer
[2022-11-25 19:06:09.895] [fileLog] [info] 
At end of round 0
==================
Observed 67509417 total fragments (67509417 in most recent round)

[2022-11-25 19:06:10.473] [jointLog] [info] Marked 0 weighted equivalence classes as degenerate
[2022-11-25 19:06:10.547] [jointLog] [info] iteration = 0 | max rel diff. = 72.2067
[2022-11-25 19:06:11.379] [jointLog] [info] iteration 11, adjusting effective lengths to account for biases
[2022-11-25 19:12:23.185] [jointLog] [info] Computed expected counts (for bias correction)
[2022-11-25 19:12:23.186] [jointLog] [info] processed bias for 0.0% of the transcripts
[2022-11-25 19:13:00.150] [jointLog] [info] processed bias for 10.0% of the transcripts
[2022-11-25 19:13:33.537] [jointLog] [info] processed bias for 20.0% of the transcripts
[2022-11-25 19:14:08.305] [jointLog] [info] processed bias for 30.0% of the transcripts
[2022-11-25 19:14:44.615] [jointLog] [info] processed bias for 40.0% of the transcripts
[2022-11-25 19:15:20.123] [jointLog] [info] processed bias for 50.0% of the transcripts
[2022-11-25 19:15:52.923] [jointLog] [info] processed bias for 60.0% of the transcripts
[2022-11-25 19:16:27.642] [jointLog] [info] processed bias for 70.0% of the transcripts
[2022-11-25 19:17:01.110] [jointLog] [info] processed bias for 80.0% of the transcripts
[2022-11-25 19:17:32.560] [jointLog] [info] processed bias for 90.0% of the transcripts
[2022-11-25 19:18:06.692] [jointLog] [info] processed bias for 100.0% of the transcripts
[2022-11-25 19:18:15.030] [jointLog] [info] iteration = 100 | max rel diff. = 18.8666
[2022-11-25 19:18:23.938] [jointLog] [info] iteration = 200 | max rel diff. = 13.374
[2022-11-25 19:18:33.862] [jointLog] [info] iteration = 300 | max rel diff. = 4.12826
[2022-11-25 19:18:43.758] [jointLog] [info] iteration = 400 | max rel diff. = 8.53261
[2022-11-25 19:18:53.392] [jointLog] [info] iteration = 500 | max rel diff. = 2.48427
[2022-11-25 19:19:02.771] [jointLog] [info] iteration = 600 | max rel diff. = 3.71917
[2022-11-25 19:19:12.467] [jointLog] [info] iteration = 700 | max rel diff. = 0.244186
[2022-11-25 19:19:22.238] [jointLog] [info] iteration = 800 | max rel diff. = 8.49551
[2022-11-25 19:19:31.422] [jointLog] [info] iteration = 900 | max rel diff. = 0.254634
[2022-11-25 19:19:40.464] [jointLog] [info] iteration = 1,000 | max rel diff. = 0.263431
[2022-11-25 19:19:50.839] [jointLog] [info] iteration = 1,100 | max rel diff. = 4.00795
[2022-11-25 19:19:59.809] [jointLog] [info] iteration = 1,200 | max rel diff. = 0.107044
[2022-11-25 19:20:08.970] [jointLog] [info] iteration = 1,300 | max rel diff. = 0.148249
[2022-11-25 19:20:18.319] [jointLog] [info] iteration = 1,400 | max rel diff. = 0.0596416
[2022-11-25 19:20:28.478] [jointLog] [info] iteration = 1,500 | max rel diff. = 0.0633287
[2022-11-25 19:20:37.370] [jointLog] [info] iteration = 1,600 | max rel diff. = 0.0732706
[2022-11-25 19:20:47.039] [jointLog] [info] iteration = 1,700 | max rel diff. = 0.0381358
[2022-11-25 19:20:56.667] [jointLog] [info] iteration = 1,800 | max rel diff. = 0.373876
[2022-11-25 19:21:05.830] [jointLog] [info] iteration = 1,900 | max rel diff. = 0.172188
[2022-11-25 19:21:14.908] [jointLog] [info] iteration = 2,000 | max rel diff. = 0.0755347
[2022-11-25 19:21:23.953] [jointLog] [info] iteration = 2,100 | max rel diff. = 0.0520096
[2022-11-25 19:21:33.447] [jointLog] [info] iteration = 2,200 | max rel diff. = 0.0377476
[2022-11-25 19:21:37.703] [jointLog] [info] iteration = 2,247 | max rel diff. = 0.00829373
[2022-11-25 19:21:37.835] [jointLog] [info] Finished optimizer
[2022-11-25 19:21:37.835] [jointLog] [info] writing output 

[2022-11-25 19:21:38.842] [jointLog] [info] Starting Bootstrapping
[2022-11-25 19:21:39.614] [jointLog] [info] Will draw 50 bootstrap samples
[2022-11-25 19:21:39.614] [jointLog] [info] Optimizing over 603,471 equivalence classes
[2022-11-25 19:21:39.732] [jointLog] [info] Marked 0 weighted equivalence classes as degenerate
[2022-11-25 19:27:37.247] [jointLog] [info] wrote 1 bootstraps
[2022-11-25 19:27:43.321] [jointLog] [info] wrote 2 bootstraps
[2022-11-25 19:28:41.526] [jointLog] [info] wrote 3 bootstraps
[2022-11-25 19:35:35.339] [jointLog] [info] wrote 4 bootstraps
[2022-11-25 19:35:58.570] [jointLog] [info] wrote 5 bootstraps
[2022-11-25 19:36:02.916] [jointLog] [info] wrote 6 bootstraps
[2022-11-25 19:41:31.457] [jointLog] [info] wrote 7 bootstraps
[2022-11-25 19:43:44.101] [jointLog] [info] wrote 8 bootstraps
[2022-11-25 19:44:38.041] [jointLog] [info] wrote 9 bootstraps
[2022-11-25 19:49:47.512] [jointLog] [info] wrote 10 bootstraps
[2022-11-25 19:52:02.055] [jointLog] [info] wrote 11 bootstraps
[2022-11-25 19:52:44.677] [jointLog] [info] wrote 12 bootstraps
[2022-11-25 19:57:42.784] [jointLog] [info] wrote 13 bootstraps
[2022-11-25 19:59:57.150] [jointLog] [info] wrote 14 bootstraps
[2022-11-25 20:00:52.061] [jointLog] [info] wrote 15 bootstraps
[2022-11-25 20:04:06.023] [jointLog] [info] wrote 16 bootstraps
[2022-11-25 20:06:34.722] [jointLog] [info] wrote 17 bootstraps
[2022-11-25 20:08:13.082] [jointLog] [info] wrote 18 bootstraps
[2022-11-25 20:11:13.766] [jointLog] [info] wrote 19 bootstraps
[2022-11-25 20:12:49.746] [jointLog] [info] wrote 20 bootstraps
[2022-11-25 20:15:18.916] [jointLog] [info] wrote 21 bootstraps
[2022-11-25 20:18:39.711] [jointLog] [info] wrote 22 bootstraps
[2022-11-25 20:18:50.826] [jointLog] [info] wrote 23 bootstraps
[2022-11-25 20:21:42.197] [jointLog] [info] wrote 24 bootstraps
[2022-11-25 20:25:30.985] [jointLog] [info] wrote 25 bootstraps
[2022-11-25 20:27:10.019] [jointLog] [info] wrote 26 bootstraps
[2022-11-25 20:27:16.068] [jointLog] [info] wrote 27 bootstraps
[2022-11-25 20:32:39.922] [jointLog] [info] wrote 28 bootstraps
[2022-11-25 20:32:46.355] [jointLog] [info] wrote 29 bootstraps
[2022-11-25 20:34:52.356] [jointLog] [info] wrote 30 bootstraps
[2022-11-25 20:38:02.978] [jointLog] [info] wrote 31 bootstraps
[2022-11-25 20:40:57.273] [jointLog] [info] wrote 32 bootstraps
[2022-11-25 20:41:00.555] [jointLog] [info] wrote 33 bootstraps
[2022-11-25 20:45:08.034] [jointLog] [info] wrote 34 bootstraps
[2022-11-25 20:47:50.827] [jointLog] [info] wrote 35 bootstraps
[2022-11-25 20:49:14.241] [jointLog] [info] wrote 36 bootstraps
[2022-11-25 20:51:00.158] [jointLog] [info] wrote 37 bootstraps
[2022-11-25 20:54:55.201] [jointLog] [info] wrote 38 bootstraps
[2022-11-25 20:55:37.965] [jointLog] [info] wrote 39 bootstraps
[2022-11-25 20:57:33.564] [jointLog] [info] wrote 40 bootstraps
[2022-11-25 21:02:40.757] [jointLog] [info] wrote 41 bootstraps
[2022-11-25 21:02:54.907] [jointLog] [info] wrote 42 bootstraps
[2022-11-25 21:05:11.832] [jointLog] [info] wrote 43 bootstraps
[2022-11-25 21:08:56.370] [jointLog] [info] wrote 44 bootstraps
[2022-11-25 21:10:44.358] [jointLog] [info] wrote 45 bootstraps
[2022-11-25 21:12:41.710] [jointLog] [info] wrote 46 bootstraps
[2022-11-25 21:16:42.557] [jointLog] [info] wrote 47 bootstraps
[2022-11-25 21:17:32.016] [jointLog] [info] wrote 48 bootstraps
[2022-11-25 21:20:27.079] [jointLog] [info] wrote 49 bootstraps
[2022-11-25 21:22:22.816] [jointLog] [info] wrote 50 bootstraps
[2022-11-25 21:22:22.982] [jointLog] [info] Finished Bootstrapping
[2022-11-25 21:22:22.982] [jointLog] [info] Computing gene-level abundance estimates
[2022-11-25 21:23:49.303] [jointLog] [info] There were 246624 transcripts mapping to 61544 genes
[2022-11-25 21:23:49.312] [jointLog] [info] NOTE: We recommend using tximport (https://bioconductor.org/packages/release/bioc/html/tximport.html) for aggregating transcript-level salmon abundance estimates to the gene level.  It is more versatile, exposes more features, and allows considering multi-sample information during aggregation.
[2022-11-25 21:23:50.239] [jointLog] [info] Aggregating expressions to gene level
[2022-11-25 21:23:50.932] [jointLog] [info] done
