[2022-11-26 02:33:09.079] [jointLog] [info] setting maxHashResizeThreads to 4
[2022-11-26 02:33:09.079] [jointLog] [info] Fragment incompatibility prior below threshold.  Incompatible fragments will be ignored.
[2022-11-26 02:33:09.079] [jointLog] [info] Usage of --validateMappings implies use of minScoreFraction. Since not explicitly specified, it is being set to 0.65
[2022-11-26 02:33:09.079] [jointLog] [info] Setting consensusSlack to selective-alignment default of 0.35.
[2022-11-26 02:33:09.079] [jointLog] [info] parsing read library format
[2022-11-26 02:33:09.079] [jointLog] [info] There is 1 library.
[2022-11-26 02:33:09.510] [jointLog] [info] Loading pufferfish index
[2022-11-26 02:33:09.554] [jointLog] [info] Loading dense pufferfish index.
[2022-11-26 02:34:01.873] [jointLog] [info] done
[2022-11-26 02:34:01.873] [jointLog] [info] Index contained 245,455 targets
[2022-11-26 02:34:06.266] [jointLog] [info] Number of decoys : 194
[2022-11-26 02:34:06.266] [jointLog] [info] First decoy index : 245,220 
[2022-11-26 02:34:10.114] [jointLog] [info] Automatically detected most likely library type as ISF

[2022-11-26 05:08:27.006] [jointLog] [info] Thread saw mini-batch with a maximum of 1.78% zero probability fragments
[2022-11-26 05:08:27.080] [jointLog] [info] Thread saw mini-batch with a maximum of 1.84% zero probability fragments
[2022-11-26 05:08:27.535] [jointLog] [info] Thread saw mini-batch with a maximum of 1.92% zero probability fragments
[2022-11-26 05:08:27.590] [jointLog] [info] Thread saw mini-batch with a maximum of 1.70% zero probability fragments
[2022-11-26 05:08:28.175] [fileLog] [info] 
At end of round 0
==================
Observed 83793549 total fragments (83793549 in most recent round)

[2022-11-26 05:08:28.174] [jointLog] [info] Computed 636,737 rich equivalence classes for further processing
[2022-11-26 05:08:28.174] [jointLog] [info] Counted 70,608,413 total reads in the equivalence classes 
[2022-11-26 05:08:28.181] [jointLog] [warning] 0.00192139% of fragments were shorter than the k used to build the index.
If this fraction is too large, consider re-building the index with a smaller k.
The minimum read size found was 15.


[2022-11-26 05:08:28.181] [jointLog] [info] Number of mappings discarded because of alignment score : 40,532,178
[2022-11-26 05:08:28.181] [jointLog] [info] Number of fragments entirely discarded because of alignment score : 4,661,816
[2022-11-26 05:08:28.181] [jointLog] [info] Number of fragments discarded because they are best-mapped to decoys : 2,659,752
[2022-11-26 05:08:28.181] [jointLog] [info] Number of fragments discarded because they have only dovetail (discordant) mappings to valid targets : 961,086
[2022-11-26 05:08:28.181] [jointLog] [info] Mapping rate = 84.2647%

[2022-11-26 05:08:28.181] [jointLog] [info] finished quantifyLibrary()
[2022-11-26 05:08:28.464] [jointLog] [info] Starting optimizer
[2022-11-26 05:08:29.092] [jointLog] [info] Marked 0 weighted equivalence classes as degenerate
[2022-11-26 05:08:29.175] [jointLog] [info] iteration = 0 | max rel diff. = 41.8046
[2022-11-26 05:08:30.204] [jointLog] [info] iteration 11, adjusting effective lengths to account for biases
[2022-11-26 05:11:20.665] [jointLog] [info] Computed expected counts (for bias correction)
[2022-11-26 05:11:20.666] [jointLog] [info] processed bias for 0.0% of the transcripts
[2022-11-26 05:11:40.271] [jointLog] [info] processed bias for 10.0% of the transcripts
[2022-11-26 05:11:58.461] [jointLog] [info] processed bias for 20.0% of the transcripts
[2022-11-26 05:12:17.193] [jointLog] [info] processed bias for 30.0% of the transcripts
[2022-11-26 05:12:36.035] [jointLog] [info] processed bias for 40.0% of the transcripts
[2022-11-26 05:12:55.679] [jointLog] [info] processed bias for 50.0% of the transcripts
[2022-11-26 05:13:13.095] [jointLog] [info] processed bias for 60.0% of the transcripts
[2022-11-26 05:13:31.551] [jointLog] [info] processed bias for 70.0% of the transcripts
[2022-11-26 05:13:49.289] [jointLog] [info] processed bias for 80.0% of the transcripts
[2022-11-26 05:14:05.354] [jointLog] [info] processed bias for 90.0% of the transcripts
[2022-11-26 05:14:23.711] [jointLog] [info] processed bias for 100.0% of the transcripts
[2022-11-26 05:14:30.926] [jointLog] [info] iteration = 100 | max rel diff. = 20.7586
[2022-11-26 05:14:38.079] [jointLog] [info] iteration = 200 | max rel diff. = 9.85333
[2022-11-26 05:14:45.639] [jointLog] [info] iteration = 300 | max rel diff. = 3.22509
[2022-11-26 05:14:53.763] [jointLog] [info] iteration = 400 | max rel diff. = 4.28405
[2022-11-26 05:15:01.624] [jointLog] [info] iteration = 500 | max rel diff. = 0.895925
[2022-11-26 05:15:08.961] [jointLog] [info] iteration = 600 | max rel diff. = 4.51527
[2022-11-26 05:15:15.842] [jointLog] [info] iteration = 700 | max rel diff. = 0.500907
[2022-11-26 05:15:23.167] [jointLog] [info] iteration = 800 | max rel diff. = 0.313711
[2022-11-26 05:15:30.382] [jointLog] [info] iteration = 900 | max rel diff. = 12.9472
[2022-11-26 05:15:38.105] [jointLog] [info] iteration = 1,000 | max rel diff. = 0.758533
[2022-11-26 05:15:45.264] [jointLog] [info] iteration = 1,100 | max rel diff. = 0.586861
[2022-11-26 05:15:52.609] [jointLog] [info] iteration = 1,200 | max rel diff. = 0.160897
[2022-11-26 05:16:00.018] [jointLog] [info] iteration = 1,300 | max rel diff. = 0.0615184
[2022-11-26 05:16:07.772] [jointLog] [info] iteration = 1,400 | max rel diff. = 3.40427
[2022-11-26 05:16:15.527] [jointLog] [info] iteration = 1,500 | max rel diff. = 10.694
[2022-11-26 05:16:23.534] [jointLog] [info] iteration = 1,600 | max rel diff. = 0.347593
[2022-11-26 05:16:30.469] [jointLog] [info] iteration = 1,700 | max rel diff. = 0.53794
[2022-11-26 05:16:37.511] [jointLog] [info] iteration = 1,800 | max rel diff. = 0.0198885
[2022-11-26 05:16:44.407] [jointLog] [info] iteration = 1,900 | max rel diff. = 0.0169822
[2022-11-26 05:16:52.283] [jointLog] [info] iteration = 2,000 | max rel diff. = 0.0490587
[2022-11-26 05:16:59.886] [jointLog] [info] iteration = 2,100 | max rel diff. = 1.02296
[2022-11-26 05:17:07.155] [jointLog] [info] iteration = 2,200 | max rel diff. = 0.0488889
[2022-11-26 05:17:14.663] [jointLog] [info] iteration = 2,300 | max rel diff. = 0.300626
[2022-11-26 05:17:21.875] [jointLog] [info] iteration = 2,400 | max rel diff. = 0.0390486
[2022-11-26 05:17:29.944] [jointLog] [info] iteration = 2,500 | max rel diff. = 0.116144
[2022-11-26 05:17:37.611] [jointLog] [info] iteration = 2,600 | max rel diff. = 0.0381844
[2022-11-26 05:17:44.164] [jointLog] [info] iteration = 2,687 | max rel diff. = 0.00805772
[2022-11-26 05:17:44.219] [jointLog] [info] Finished optimizer
[2022-11-26 05:17:44.219] [jointLog] [info] writing output 

[2022-11-26 05:17:47.246] [jointLog] [info] Starting Bootstrapping
[2022-11-26 05:17:47.717] [jointLog] [info] Will draw 50 bootstrap samples
[2022-11-26 05:17:47.717] [jointLog] [info] Optimizing over 636,737 equivalence classes
[2022-11-26 05:17:47.852] [jointLog] [info] Marked 0 weighted equivalence classes as degenerate
[2022-11-26 05:22:50.176] [jointLog] [info] wrote 1 bootstraps
[2022-11-26 05:23:01.511] [jointLog] [info] wrote 2 bootstraps
[2022-11-26 05:23:40.015] [jointLog] [info] wrote 3 bootstraps
[2022-11-26 05:28:07.779] [jointLog] [info] wrote 4 bootstraps
[2022-11-26 05:28:08.343] [jointLog] [info] wrote 5 bootstraps
[2022-11-26 05:28:25.270] [jointLog] [info] wrote 6 bootstraps
[2022-11-26 05:33:28.777] [jointLog] [info] wrote 7 bootstraps
[2022-11-26 05:33:31.208] [jointLog] [info] wrote 8 bootstraps
[2022-11-26 05:34:20.181] [jointLog] [info] wrote 9 bootstraps
[2022-11-26 05:38:24.775] [jointLog] [info] wrote 10 bootstraps
[2022-11-26 05:39:17.367] [jointLog] [info] wrote 11 bootstraps
[2022-11-26 05:39:32.779] [jointLog] [info] wrote 12 bootstraps
[2022-11-26 05:42:54.043] [jointLog] [info] wrote 13 bootstraps
[2022-11-26 05:43:53.856] [jointLog] [info] wrote 14 bootstraps
[2022-11-26 05:44:27.531] [jointLog] [info] wrote 15 bootstraps
[2022-11-26 05:48:30.644] [jointLog] [info] wrote 16 bootstraps
[2022-11-26 05:48:50.562] [jointLog] [info] wrote 17 bootstraps
[2022-11-26 05:50:23.877] [jointLog] [info] wrote 18 bootstraps
[2022-11-26 05:53:36.341] [jointLog] [info] wrote 19 bootstraps
[2022-11-26 05:53:52.811] [jointLog] [info] wrote 20 bootstraps
[2022-11-26 05:56:15.024] [jointLog] [info] wrote 21 bootstraps
[2022-11-26 05:59:07.094] [jointLog] [info] wrote 22 bootstraps
[2022-11-26 05:59:18.229] [jointLog] [info] wrote 23 bootstraps
[2022-11-26 05:59:56.650] [jointLog] [info] wrote 24 bootstraps
[2022-11-26 06:04:06.566] [jointLog] [info] wrote 25 bootstraps
[2022-11-26 06:05:12.111] [jointLog] [info] wrote 26 bootstraps
[2022-11-26 06:05:22.856] [jointLog] [info] wrote 27 bootstraps
[2022-11-26 06:09:04.763] [jointLog] [info] wrote 28 bootstraps
[2022-11-26 06:09:54.325] [jointLog] [info] wrote 29 bootstraps
[2022-11-26 06:10:59.641] [jointLog] [info] wrote 30 bootstraps
[2022-11-26 06:14:44.983] [jointLog] [info] wrote 31 bootstraps
[2022-11-26 06:15:10.565] [jointLog] [info] wrote 32 bootstraps
[2022-11-26 06:16:41.239] [jointLog] [info] wrote 33 bootstraps
[2022-11-26 06:19:23.079] [jointLog] [info] wrote 34 bootstraps
[2022-11-26 06:20:45.963] [jointLog] [info] wrote 35 bootstraps
[2022-11-26 06:21:57.408] [jointLog] [info] wrote 36 bootstraps
[2022-11-26 06:25:00.505] [jointLog] [info] wrote 37 bootstraps
[2022-11-26 06:25:26.923] [jointLog] [info] wrote 38 bootstraps
[2022-11-26 06:27:27.865] [jointLog] [info] wrote 39 bootstraps
[2022-11-26 06:29:52.102] [jointLog] [info] wrote 40 bootstraps
[2022-11-26 06:30:47.159] [jointLog] [info] wrote 41 bootstraps
[2022-11-26 06:33:00.440] [jointLog] [info] wrote 42 bootstraps
[2022-11-26 06:35:06.904] [jointLog] [info] wrote 43 bootstraps
[2022-11-26 06:35:52.495] [jointLog] [info] wrote 44 bootstraps
[2022-11-26 06:37:53.294] [jointLog] [info] wrote 45 bootstraps
[2022-11-26 06:40:19.015] [jointLog] [info] wrote 46 bootstraps
[2022-11-26 06:40:40.746] [jointLog] [info] wrote 47 bootstraps
[2022-11-26 06:42:44.960] [jointLog] [info] wrote 48 bootstraps
[2022-11-26 06:44:55.908] [jointLog] [info] wrote 49 bootstraps
[2022-11-26 06:45:14.532] [jointLog] [info] wrote 50 bootstraps
[2022-11-26 06:45:14.615] [jointLog] [info] Finished Bootstrapping
[2022-11-26 06:45:14.615] [jointLog] [info] Computing gene-level abundance estimates
[2022-11-26 06:46:13.731] [jointLog] [info] There were 246624 transcripts mapping to 61544 genes
[2022-11-26 06:46:13.955] [jointLog] [info] NOTE: We recommend using tximport (https://bioconductor.org/packages/release/bioc/html/tximport.html) for aggregating transcript-level salmon abundance estimates to the gene level.  It is more versatile, exposes more features, and allows considering multi-sample information during aggregation.
[2022-11-26 06:46:14.496] [jointLog] [info] Aggregating expressions to gene level
[2022-11-26 06:46:15.174] [jointLog] [info] done
