[2022-11-25 14:04:37.379] [jointLog] [info] setting maxHashResizeThreads to 4
[2022-11-25 14:04:37.379] [jointLog] [info] Fragment incompatibility prior below threshold.  Incompatible fragments will be ignored.
[2022-11-25 14:04:37.379] [jointLog] [info] Usage of --validateMappings implies use of minScoreFraction. Since not explicitly specified, it is being set to 0.65
[2022-11-25 14:04:37.379] [jointLog] [info] Setting consensusSlack to selective-alignment default of 0.35.
[2022-11-25 14:04:37.379] [jointLog] [info] parsing read library format
[2022-11-25 14:04:37.379] [jointLog] [info] There is 1 library.
[2022-11-25 14:04:37.540] [jointLog] [info] Loading pufferfish index
[2022-11-25 14:04:37.560] [jointLog] [info] Loading dense pufferfish index.
[2022-11-25 14:05:23.241] [jointLog] [info] done
[2022-11-25 14:05:23.241] [jointLog] [info] Index contained 245,455 targets
[2022-11-25 14:05:27.088] [jointLog] [info] Number of decoys : 194
[2022-11-25 14:05:27.088] [jointLog] [info] First decoy index : 245,220 
[2022-11-25 14:05:29.322] [jointLog] [info] Automatically detected most likely library type as ISF

[2022-11-25 14:40:10.476] [jointLog] [info] Thread saw mini-batch with a maximum of 1.40% zero probability fragments
[2022-11-25 14:40:10.544] [jointLog] [info] Thread saw mini-batch with a maximum of 1.40% zero probability fragments
[2022-11-25 14:40:10.588] [jointLog] [info] Thread saw mini-batch with a maximum of 1.38% zero probability fragments
[2022-11-25 14:40:10.844] [jointLog] [info] Thread saw mini-batch with a maximum of 1.48% zero probability fragments
[2022-11-25 14:40:11.686] [fileLog] [info] 
At end of round 0
==================
Observed 60281347 total fragments (60281347 in most recent round)

[2022-11-25 14:40:11.685] [jointLog] [info] Computed 561,136 rich equivalence classes for further processing
[2022-11-25 14:40:11.685] [jointLog] [info] Counted 50,708,471 total reads in the equivalence classes 
[2022-11-25 14:40:11.694] [jointLog] [warning] 0.00153945% of fragments were shorter than the k used to build the index.
If this fraction is too large, consider re-building the index with a smaller k.
The minimum read size found was 15.


[2022-11-25 14:40:11.694] [jointLog] [info] Number of mappings discarded because of alignment score : 30,123,998
[2022-11-25 14:40:11.694] [jointLog] [info] Number of fragments entirely discarded because of alignment score : 3,460,745
[2022-11-25 14:40:11.694] [jointLog] [info] Number of fragments discarded because they are best-mapped to decoys : 1,829,137
[2022-11-25 14:40:11.694] [jointLog] [info] Number of fragments discarded because they have only dovetail (discordant) mappings to valid targets : 669,404
[2022-11-25 14:40:11.694] [jointLog] [info] Mapping rate = 84.1197%

[2022-11-25 14:40:11.694] [jointLog] [info] finished quantifyLibrary()
[2022-11-25 14:40:11.830] [jointLog] [info] Starting optimizer
[2022-11-25 14:40:12.130] [jointLog] [info] Marked 0 weighted equivalence classes as degenerate
[2022-11-25 14:40:12.185] [jointLog] [info] iteration = 0 | max rel diff. = 38.1567
[2022-11-25 14:40:12.702] [jointLog] [info] iteration 11, adjusting effective lengths to account for biases
[2022-11-25 14:44:25.014] [jointLog] [info] Computed expected counts (for bias correction)
[2022-11-25 14:44:25.015] [jointLog] [info] processed bias for 0.0% of the transcripts
[2022-11-25 14:44:47.202] [jointLog] [info] processed bias for 10.0% of the transcripts
[2022-11-25 14:45:06.512] [jointLog] [info] processed bias for 20.0% of the transcripts
[2022-11-25 14:45:26.380] [jointLog] [info] processed bias for 30.0% of the transcripts
[2022-11-25 14:45:46.458] [jointLog] [info] processed bias for 40.0% of the transcripts
[2022-11-25 14:46:07.090] [jointLog] [info] processed bias for 50.0% of the transcripts
[2022-11-25 14:46:27.784] [jointLog] [info] processed bias for 60.0% of the transcripts
[2022-11-25 14:46:47.089] [jointLog] [info] processed bias for 70.0% of the transcripts
[2022-11-25 14:47:05.454] [jointLog] [info] processed bias for 80.0% of the transcripts
[2022-11-25 14:47:23.265] [jointLog] [info] processed bias for 90.0% of the transcripts
[2022-11-25 14:47:43.194] [jointLog] [info] processed bias for 100.0% of the transcripts
[2022-11-25 14:47:48.848] [jointLog] [info] iteration = 100 | max rel diff. = 10.6717
[2022-11-25 14:47:54.998] [jointLog] [info] iteration = 200 | max rel diff. = 15.4059
[2022-11-25 14:48:00.714] [jointLog] [info] iteration = 300 | max rel diff. = 11.2256
[2022-11-25 14:48:06.398] [jointLog] [info] iteration = 400 | max rel diff. = 6.57409
[2022-11-25 14:48:12.546] [jointLog] [info] iteration = 500 | max rel diff. = 0.762209
[2022-11-25 14:48:18.522] [jointLog] [info] iteration = 600 | max rel diff. = 2.79558
[2022-11-25 14:48:24.428] [jointLog] [info] iteration = 700 | max rel diff. = 0.33177
[2022-11-25 14:48:30.486] [jointLog] [info] iteration = 800 | max rel diff. = 12.7156
[2022-11-25 14:48:36.595] [jointLog] [info] iteration = 900 | max rel diff. = 0.209632
[2022-11-25 14:48:42.658] [jointLog] [info] iteration = 1,000 | max rel diff. = 0.492224
[2022-11-25 14:48:48.766] [jointLog] [info] iteration = 1,100 | max rel diff. = 0.137008
[2022-11-25 14:48:54.984] [jointLog] [info] iteration = 1,200 | max rel diff. = 0.070584
[2022-11-25 14:49:00.861] [jointLog] [info] iteration = 1,300 | max rel diff. = 0.334412
[2022-11-25 14:49:07.044] [jointLog] [info] iteration = 1,400 | max rel diff. = 2.12439
[2022-11-25 14:49:12.860] [jointLog] [info] iteration = 1,500 | max rel diff. = 0.0914532
[2022-11-25 14:49:18.930] [jointLog] [info] iteration = 1,600 | max rel diff. = 0.10185
[2022-11-25 14:49:24.668] [jointLog] [info] iteration = 1,700 | max rel diff. = 0.141046
[2022-11-25 14:49:30.544] [jointLog] [info] iteration = 1,800 | max rel diff. = 0.0948143
[2022-11-25 14:49:36.456] [jointLog] [info] iteration = 1,900 | max rel diff. = 0.251881
[2022-11-25 14:49:42.148] [jointLog] [info] iteration = 2,000 | max rel diff. = 0.065647
[2022-11-25 14:49:47.805] [jointLog] [info] iteration = 2,100 | max rel diff. = 0.0897662
[2022-11-25 14:49:53.885] [jointLog] [info] iteration = 2,200 | max rel diff. = 0.0385577
[2022-11-25 14:49:59.385] [jointLog] [info] iteration = 2,300 | max rel diff. = 0.0381165
[2022-11-25 14:50:05.242] [jointLog] [info] iteration = 2,400 | max rel diff. = 2.20725
[2022-11-25 14:50:10.924] [jointLog] [info] iteration = 2,500 | max rel diff. = 0.0879644
[2022-11-25 14:50:16.846] [jointLog] [info] iteration = 2,600 | max rel diff. = 0.0288101
[2022-11-25 14:50:22.745] [jointLog] [info] iteration = 2,700 | max rel diff. = 0.829441
[2022-11-25 14:50:24.910] [jointLog] [info] iteration = 2,738 | max rel diff. = 0.00677957
[2022-11-25 14:50:24.986] [jointLog] [info] Finished optimizer
[2022-11-25 14:50:24.986] [jointLog] [info] writing output 

[2022-11-25 14:50:25.514] [jointLog] [info] Starting Bootstrapping
[2022-11-25 14:50:25.748] [jointLog] [info] Will draw 50 bootstrap samples
[2022-11-25 14:50:25.748] [jointLog] [info] Optimizing over 561,136 equivalence classes
[2022-11-25 14:50:25.819] [jointLog] [info] Marked 0 weighted equivalence classes as degenerate
[2022-11-25 14:54:06.611] [jointLog] [info] wrote 1 bootstraps
[2022-11-25 14:54:30.511] [jointLog] [info] wrote 2 bootstraps
[2022-11-25 14:54:42.972] [jointLog] [info] wrote 3 bootstraps
[2022-11-25 14:57:24.532] [jointLog] [info] wrote 4 bootstraps
[2022-11-25 14:58:02.826] [jointLog] [info] wrote 5 bootstraps
[2022-11-25 14:58:38.642] [jointLog] [info] wrote 6 bootstraps
[2022-11-25 15:01:46.536] [jointLog] [info] wrote 7 bootstraps
[2022-11-25 15:02:12.592] [jointLog] [info] wrote 8 bootstraps
[2022-11-25 15:02:14.983] [jointLog] [info] wrote 9 bootstraps
[2022-11-25 15:04:42.794] [jointLog] [info] wrote 10 bootstraps
[2022-11-25 15:05:38.905] [jointLog] [info] wrote 11 bootstraps
[2022-11-25 15:05:41.400] [jointLog] [info] wrote 12 bootstraps
[2022-11-25 15:08:50.330] [jointLog] [info] wrote 13 bootstraps
[2022-11-25 15:09:55.323] [jointLog] [info] wrote 14 bootstraps
[2022-11-25 15:10:06.864] [jointLog] [info] wrote 15 bootstraps
[2022-11-25 15:12:25.506] [jointLog] [info] wrote 16 bootstraps
[2022-11-25 15:13:27.728] [jointLog] [info] wrote 17 bootstraps
[2022-11-25 15:13:32.392] [jointLog] [info] wrote 18 bootstraps
[2022-11-25 15:16:10.357] [jointLog] [info] wrote 19 bootstraps
[2022-11-25 15:17:37.263] [jointLog] [info] wrote 20 bootstraps
[2022-11-25 15:17:57.560] [jointLog] [info] wrote 21 bootstraps
[2022-11-25 15:19:31.632] [jointLog] [info] wrote 22 bootstraps
[2022-11-25 15:21:13.590] [jointLog] [info] wrote 23 bootstraps
[2022-11-25 15:21:45.736] [jointLog] [info] wrote 24 bootstraps
[2022-11-25 15:22:54.893] [jointLog] [info] wrote 25 bootstraps
[2022-11-25 15:24:46.267] [jointLog] [info] wrote 26 bootstraps
[2022-11-25 15:25:13.158] [jointLog] [info] wrote 27 bootstraps
[2022-11-25 15:27:03.559] [jointLog] [info] wrote 28 bootstraps
[2022-11-25 15:28:43.236] [jointLog] [info] wrote 29 bootstraps
[2022-11-25 15:29:09.207] [jointLog] [info] wrote 30 bootstraps
[2022-11-25 15:29:58.990] [jointLog] [info] wrote 31 bootstraps
[2022-11-25 15:31:58.665] [jointLog] [info] wrote 32 bootstraps
[2022-11-25 15:33:18.746] [jointLog] [info] wrote 33 bootstraps
[2022-11-25 15:33:54.167] [jointLog] [info] wrote 34 bootstraps
[2022-11-25 15:35:32.643] [jointLog] [info] wrote 35 bootstraps
[2022-11-25 15:37:14.082] [jointLog] [info] wrote 36 bootstraps
[2022-11-25 15:37:35.168] [jointLog] [info] wrote 37 bootstraps
[2022-11-25 15:38:34.685] [jointLog] [info] wrote 38 bootstraps
[2022-11-25 15:41:15.550] [jointLog] [info] wrote 39 bootstraps
[2022-11-25 15:41:25.473] [jointLog] [info] wrote 40 bootstraps
[2022-11-25 15:42:03.458] [jointLog] [info] wrote 41 bootstraps
[2022-11-25 15:44:13.366] [jointLog] [info] wrote 42 bootstraps
[2022-11-25 15:45:22.756] [jointLog] [info] wrote 43 bootstraps
[2022-11-25 15:45:43.148] [jointLog] [info] wrote 44 bootstraps
[2022-11-25 15:48:16.006] [jointLog] [info] wrote 45 bootstraps
[2022-11-25 15:49:05.439] [jointLog] [info] wrote 46 bootstraps
[2022-11-25 15:49:41.759] [jointLog] [info] wrote 47 bootstraps
[2022-11-25 15:51:32.874] [jointLog] [info] wrote 48 bootstraps
[2022-11-25 15:52:54.189] [jointLog] [info] wrote 49 bootstraps
[2022-11-25 15:53:18.606] [jointLog] [info] wrote 50 bootstraps
[2022-11-25 15:53:18.651] [jointLog] [info] Finished Bootstrapping
[2022-11-25 15:53:18.651] [jointLog] [info] Computing gene-level abundance estimates
[2022-11-25 15:54:17.743] [jointLog] [info] There were 246624 transcripts mapping to 61544 genes
[2022-11-25 15:54:17.833] [jointLog] [info] NOTE: We recommend using tximport (https://bioconductor.org/packages/release/bioc/html/tximport.html) for aggregating transcript-level salmon abundance estimates to the gene level.  It is more versatile, exposes more features, and allows considering multi-sample information during aggregation.
[2022-11-25 15:54:18.397] [jointLog] [info] Aggregating expressions to gene level
[2022-11-25 15:54:18.841] [jointLog] [info] done
