[2022-11-25 11:56:12.276] [jointLog] [info] setting maxHashResizeThreads to 4
[2022-11-25 11:56:12.276] [jointLog] [info] Fragment incompatibility prior below threshold.  Incompatible fragments will be ignored.
[2022-11-25 11:56:12.276] [jointLog] [info] Usage of --validateMappings implies use of minScoreFraction. Since not explicitly specified, it is being set to 0.65
[2022-11-25 11:56:12.276] [jointLog] [info] Setting consensusSlack to selective-alignment default of 0.35.
[2022-11-25 11:56:12.276] [jointLog] [info] parsing read library format
[2022-11-25 11:56:12.276] [jointLog] [info] There is 1 library.
[2022-11-25 11:56:12.383] [jointLog] [info] Loading pufferfish index
[2022-11-25 11:56:12.423] [jointLog] [info] Loading dense pufferfish index.
[2022-11-25 11:59:12.989] [jointLog] [info] done
[2022-11-25 11:59:12.989] [jointLog] [info] Index contained 245,455 targets
[2022-11-25 11:59:16.843] [jointLog] [info] Number of decoys : 194
[2022-11-25 11:59:16.843] [jointLog] [info] First decoy index : 245,220 
[2022-11-25 11:59:18.086] [jointLog] [info] Automatically detected most likely library type as ISF

[2022-11-25 12:39:00.585] [jointLog] [info] Thread saw mini-batch with a maximum of 1.74% zero probability fragments
[2022-11-25 12:39:00.799] [jointLog] [info] Thread saw mini-batch with a maximum of 2.14% zero probability fragments
[2022-11-25 12:39:01.002] [jointLog] [info] Thread saw mini-batch with a maximum of 1.84% zero probability fragments
[2022-11-25 12:39:01.044] [jointLog] [info] Thread saw mini-batch with a maximum of 1.82% zero probability fragments
[2022-11-25 12:39:01.711] [jointLog] [info] Computed 609,375 rich equivalence classes for further processing
[2022-11-25 12:39:01.711] [jointLog] [info] Counted 58,785,621 total reads in the equivalence classes 
[2022-11-25 12:39:01.716] [jointLog] [warning] 0.00635276% of fragments were shorter than the k used to build the index.
If this fraction is too large, consider re-building the index with a smaller k.
The minimum read size found was 15.


[2022-11-25 12:39:01.716] [jointLog] [info] Number of mappings discarded because of alignment score : 37,371,267
[2022-11-25 12:39:01.716] [jointLog] [info] Number of fragments entirely discarded because of alignment score : 4,005,454
[2022-11-25 12:39:01.716] [jointLog] [info] Number of fragments discarded because they are best-mapped to decoys : 2,086,978
[2022-11-25 12:39:01.716] [jointLog] [info] Number of fragments discarded because they have only dovetail (discordant) mappings to valid targets : 883,485
[2022-11-25 12:39:01.716] [jointLog] [info] Mapping rate = 84.4148%

[2022-11-25 12:39:01.716] [jointLog] [info] finished quantifyLibrary()
[2022-11-25 12:39:01.717] [jointLog] [info] Starting optimizer
[2022-11-25 12:39:01.712] [fileLog] [info] 
At end of round 0
==================
Observed 69638995 total fragments (69638995 in most recent round)

[2022-11-25 12:39:02.063] [jointLog] [info] Marked 0 weighted equivalence classes as degenerate
[2022-11-25 12:39:02.124] [jointLog] [info] iteration = 0 | max rel diff. = 35.2411
[2022-11-25 12:39:02.994] [jointLog] [info] iteration 11, adjusting effective lengths to account for biases
[2022-11-25 12:43:15.159] [jointLog] [info] Computed expected counts (for bias correction)
[2022-11-25 12:43:15.160] [jointLog] [info] processed bias for 0.0% of the transcripts
[2022-11-25 12:43:37.089] [jointLog] [info] processed bias for 10.0% of the transcripts
[2022-11-25 12:43:56.825] [jointLog] [info] processed bias for 20.0% of the transcripts
[2022-11-25 12:44:17.148] [jointLog] [info] processed bias for 30.0% of the transcripts
[2022-11-25 12:44:37.466] [jointLog] [info] processed bias for 40.0% of the transcripts
[2022-11-25 12:44:57.990] [jointLog] [info] processed bias for 50.0% of the transcripts
[2022-11-25 12:45:18.079] [jointLog] [info] processed bias for 60.0% of the transcripts
[2022-11-25 12:45:37.404] [jointLog] [info] processed bias for 70.0% of the transcripts
[2022-11-25 12:45:56.118] [jointLog] [info] processed bias for 80.0% of the transcripts
[2022-11-25 12:46:15.049] [jointLog] [info] processed bias for 90.0% of the transcripts
[2022-11-25 12:46:35.373] [jointLog] [info] processed bias for 100.0% of the transcripts
[2022-11-25 12:46:41.301] [jointLog] [info] iteration = 100 | max rel diff. = 19.1556
[2022-11-25 12:46:47.969] [jointLog] [info] iteration = 200 | max rel diff. = 16.3278
[2022-11-25 12:46:54.764] [jointLog] [info] iteration = 300 | max rel diff. = 16.1766
[2022-11-25 12:47:01.090] [jointLog] [info] iteration = 400 | max rel diff. = 7.91483
[2022-11-25 12:47:06.909] [jointLog] [info] iteration = 500 | max rel diff. = 1.95017
[2022-11-25 12:47:13.230] [jointLog] [info] iteration = 600 | max rel diff. = 1.24587
[2022-11-25 12:47:19.635] [jointLog] [info] iteration = 700 | max rel diff. = 3.04309
[2022-11-25 12:47:26.078] [jointLog] [info] iteration = 800 | max rel diff. = 1.83465
[2022-11-25 12:47:32.067] [jointLog] [info] iteration = 900 | max rel diff. = 4.71429
[2022-11-25 12:47:38.404] [jointLog] [info] iteration = 1,000 | max rel diff. = 0.227441
[2022-11-25 12:47:44.666] [jointLog] [info] iteration = 1,100 | max rel diff. = 0.164489
[2022-11-25 12:47:50.826] [jointLog] [info] iteration = 1,200 | max rel diff. = 0.179811
[2022-11-25 12:47:56.999] [jointLog] [info] iteration = 1,300 | max rel diff. = 0.322459
[2022-11-25 12:48:03.198] [jointLog] [info] iteration = 1,400 | max rel diff. = 0.0468231
[2022-11-25 12:48:09.217] [jointLog] [info] iteration = 1,500 | max rel diff. = 11.9959
[2022-11-25 12:48:15.601] [jointLog] [info] iteration = 1,600 | max rel diff. = 0.212245
[2022-11-25 12:48:22.018] [jointLog] [info] iteration = 1,700 | max rel diff. = 0.0331144
[2022-11-25 12:48:28.160] [jointLog] [info] iteration = 1,800 | max rel diff. = 0.116437
[2022-11-25 12:48:33.673] [jointLog] [info] iteration = 1,893 | max rel diff. = 0.00872188
[2022-11-25 12:48:33.745] [jointLog] [info] Finished optimizer
[2022-11-25 12:48:33.745] [jointLog] [info] writing output 

[2022-11-25 12:48:34.430] [jointLog] [info] Starting Bootstrapping
[2022-11-25 12:48:34.745] [jointLog] [info] Will draw 50 bootstrap samples
[2022-11-25 12:48:34.745] [jointLog] [info] Optimizing over 609,375 equivalence classes
[2022-11-25 12:48:34.814] [jointLog] [info] Marked 0 weighted equivalence classes as degenerate
[2022-11-25 12:52:34.388] [jointLog] [info] wrote 1 bootstraps
[2022-11-25 12:52:53.555] [jointLog] [info] wrote 2 bootstraps
[2022-11-25 12:53:20.122] [jointLog] [info] wrote 3 bootstraps
[2022-11-25 12:56:03.213] [jointLog] [info] wrote 4 bootstraps
[2022-11-25 12:57:01.736] [jointLog] [info] wrote 5 bootstraps
[2022-11-25 12:57:31.363] [jointLog] [info] wrote 6 bootstraps
[2022-11-25 12:59:33.048] [jointLog] [info] wrote 7 bootstraps
[2022-11-25 13:00:50.452] [jointLog] [info] wrote 8 bootstraps
[2022-11-25 13:01:40.181] [jointLog] [info] wrote 9 bootstraps
[2022-11-25 13:04:07.645] [jointLog] [info] wrote 10 bootstraps
[2022-11-25 13:04:50.581] [jointLog] [info] wrote 11 bootstraps
[2022-11-25 13:05:39.868] [jointLog] [info] wrote 12 bootstraps
[2022-11-25 13:08:19.580] [jointLog] [info] wrote 13 bootstraps
[2022-11-25 13:08:35.415] [jointLog] [info] wrote 14 bootstraps
[2022-11-25 13:08:58.055] [jointLog] [info] wrote 15 bootstraps
[2022-11-25 13:11:37.441] [jointLog] [info] wrote 16 bootstraps
[2022-11-25 13:13:31.046] [jointLog] [info] wrote 17 bootstraps
[2022-11-25 13:13:37.831] [jointLog] [info] wrote 18 bootstraps
[2022-11-25 13:14:48.239] [jointLog] [info] wrote 19 bootstraps
[2022-11-25 13:17:03.696] [jointLog] [info] wrote 20 bootstraps
[2022-11-25 13:17:52.007] [jointLog] [info] wrote 21 bootstraps
[2022-11-25 13:19:23.025] [jointLog] [info] wrote 22 bootstraps
[2022-11-25 13:21:01.080] [jointLog] [info] wrote 23 bootstraps
[2022-11-25 13:21:42.656] [jointLog] [info] wrote 24 bootstraps
[2022-11-25 13:23:01.823] [jointLog] [info] wrote 25 bootstraps
[2022-11-25 13:25:32.800] [jointLog] [info] wrote 26 bootstraps
[2022-11-25 13:26:50.372] [jointLog] [info] wrote 27 bootstraps
[2022-11-25 13:27:03.547] [jointLog] [info] wrote 28 bootstraps
[2022-11-25 13:29:48.539] [jointLog] [info] wrote 29 bootstraps
[2022-11-25 13:30:23.942] [jointLog] [info] wrote 30 bootstraps
[2022-11-25 13:30:37.911] [jointLog] [info] wrote 31 bootstraps
[2022-11-25 13:34:33.710] [jointLog] [info] wrote 32 bootstraps
[2022-11-25 13:34:35.605] [jointLog] [info] wrote 33 bootstraps
[2022-11-25 13:35:40.945] [jointLog] [info] wrote 34 bootstraps
[2022-11-25 13:38:23.187] [jointLog] [info] wrote 35 bootstraps
[2022-11-25 13:38:51.913] [jointLog] [info] wrote 36 bootstraps
[2022-11-25 13:40:52.252] [jointLog] [info] wrote 37 bootstraps
[2022-11-25 13:41:40.108] [jointLog] [info] wrote 38 bootstraps
[2022-11-25 13:42:43.242] [jointLog] [info] wrote 39 bootstraps
[2022-11-25 13:44:27.975] [jointLog] [info] wrote 40 bootstraps
[2022-11-25 13:46:03.197] [jointLog] [info] wrote 41 bootstraps
[2022-11-25 13:47:21.516] [jointLog] [info] wrote 42 bootstraps
[2022-11-25 13:47:31.439] [jointLog] [info] wrote 43 bootstraps
[2022-11-25 13:50:00.663] [jointLog] [info] wrote 44 bootstraps
[2022-11-25 13:51:03.443] [jointLog] [info] wrote 45 bootstraps
[2022-11-25 13:52:08.071] [jointLog] [info] wrote 46 bootstraps
[2022-11-25 13:55:08.293] [jointLog] [info] wrote 47 bootstraps
[2022-11-25 13:55:25.691] [jointLog] [info] wrote 48 bootstraps
[2022-11-25 13:55:32.164] [jointLog] [info] wrote 49 bootstraps
[2022-11-25 13:59:56.507] [jointLog] [info] wrote 50 bootstraps
[2022-11-25 13:59:56.559] [jointLog] [info] Finished Bootstrapping
[2022-11-25 13:59:56.559] [jointLog] [info] Computing gene-level abundance estimates
[2022-11-25 14:01:04.323] [jointLog] [info] There were 246624 transcripts mapping to 61544 genes
[2022-11-25 14:01:04.325] [jointLog] [info] NOTE: We recommend using tximport (https://bioconductor.org/packages/release/bioc/html/tximport.html) for aggregating transcript-level salmon abundance estimates to the gene level.  It is more versatile, exposes more features, and allows considering multi-sample information during aggregation.
[2022-11-25 14:01:04.942] [jointLog] [info] Aggregating expressions to gene level
[2022-11-25 14:01:05.178] [jointLog] [info] done
