IRFinder version: 1.3.0
IRFinder start:  Thu Feb 3 20:42:43 GMT 2022
IRFinder runmode: BAM
IRFinder user@host: mzanovel @ saunders-608-51.local
IRFinder working dir:  /SAN/vyplab/first_weeks/TDP_CHX_CLONES_GLIA/rna_seq_snakemake
IRFinder reference: /SAN/vyplab/alb_projects/tools/IRFinder/REF/human_gencode_v34/irfinder/
IRFinder file 1: /SAN/vyplab/first_weeks/TDP_CHX_CLONES_GLIA/IRFinder/chx-tdp_CTRL_ctrl_1_namesorted.bam
IRFinder file 2: 
---
IRFinder run with options:
Output Dir	/SAN/vyplab/first_weeks/TDP_CHX_CLONES_GLIA/IRFinder/chx-tdp_CTRL_ctrl_1
Main intron reference:	/SAN/vyplab/alb_projects/tools/IRFinder/REF/human_gencode_v34/irfinder//IRFinder/ref-cover.bed
Read spans reference:	/SAN/vyplab/alb_projects/tools/IRFinder/REF/human_gencode_v34/irfinder//IRFinder/ref-read-continues.ref
Optional ROI reference:	/SAN/vyplab/alb_projects/tools/IRFinder/REF/human_gencode_v34/irfinder//IRFinder/ref-ROI.bed
Optional BAM output:	NULL
Total reads processed: 105500800
Total nucleotides: 5731812832
Total singles processed: 0
Total pairs processed: 41445337
Short pairs: 10061435
Intersect pairs: 23654813
Long pairs: 7729089
Skipped reads: 22609540
Error reads: 586
Directionality: Dir evidence:	126173
Directionality: Nondir evidence:	411
Directionality: Dir evidence known junctions:	119782
Directionality: Nondir evidence known junctions:	310
Directionality: Dir matches ref:	119782
Directionality: Dir opposed to ref:	0
Directionality: Dir score all (0-10000):	9967
Directionality: Dir score known junctions (0-10000):	9974
RNA-Seq directionality -1/0/+1:	1
