[2022-06-23 22:22:40.171] [jointLog] [info] setting maxHashResizeThreads to 4
[2022-06-23 22:22:40.171] [jointLog] [info] Fragment incompatibility prior below threshold.  Incompatible fragments will be ignored.
[2022-06-23 22:22:40.171] [jointLog] [info] Usage of --validateMappings implies use of minScoreFraction. Since not explicitly specified, it is being set to 0.65
[2022-06-23 22:22:40.171] [jointLog] [info] Setting consensusSlack to selective-alignment default of 0.35.
[2022-06-23 22:22:40.171] [jointLog] [info] parsing read library format
[2022-06-23 22:22:40.171] [jointLog] [info] There is 1 library.
[2022-06-23 22:22:40.172] [jointLog] [info] Loading pufferfish index
[2022-06-23 22:22:40.172] [jointLog] [info] Loading dense pufferfish index.
[2022-06-23 22:23:16.314] [jointLog] [info] done
[2022-06-23 22:23:16.384] [jointLog] [info] Index contained 245,455 targets
[2022-06-23 22:23:18.939] [jointLog] [info] Number of decoys : 194
[2022-06-23 22:23:18.939] [jointLog] [info] First decoy index : 245,220 
[2022-06-23 22:23:19.616] [jointLog] [info] Automatically detected most likely library type as ISF

[2022-06-23 22:37:12.253] [jointLog] [info] Thread saw mini-batch with a maximum of 3.74% zero probability fragments
[2022-06-23 22:37:12.283] [jointLog] [info] Thread saw mini-batch with a maximum of 3.38% zero probability fragments
[2022-06-23 22:37:12.459] [jointLog] [info] Thread saw mini-batch with a maximum of 3.48% zero probability fragments
[2022-06-23 22:37:12.487] [jointLog] [info] Thread saw mini-batch with a maximum of 3.30% zero probability fragments
[2022-06-23 22:37:12.830] [jointLog] [info] Computed 492,867 rich equivalence classes for further processing
[2022-06-23 22:37:12.830] [jointLog] [info] Counted 41,385,156 total reads in the equivalence classes 
[2022-06-23 22:37:12.834] [jointLog] [warning] 0.00140745% of fragments were shorter than the k used to build the index.
If this fraction is too large, consider re-building the index with a smaller k.
The minimum read size found was 15.


[2022-06-23 22:37:12.834] [jointLog] [info] Number of mappings discarded because of alignment score : 28,718,302
[2022-06-23 22:37:12.834] [jointLog] [info] Number of fragments entirely discarded because of alignment score : 1,975,799
[2022-06-23 22:37:12.834] [jointLog] [info] Number of fragments discarded because they are best-mapped to decoys : 1,373,023
[2022-06-23 22:37:12.834] [jointLog] [info] Number of fragments discarded because they have only dovetail (discordant) mappings to valid targets : 196,730
[2022-06-23 22:37:12.834] [jointLog] [info] Mapping rate = 86.678%

[2022-06-23 22:37:12.834] [jointLog] [info] finished quantifyLibrary()
[2022-06-23 22:37:12.835] [jointLog] [info] Starting optimizer
[2022-06-23 22:37:13.043] [jointLog] [info] Marked 0 weighted equivalence classes as degenerate
[2022-06-23 22:37:13.086] [jointLog] [info] iteration = 0 | max rel diff. = 2896.26
[2022-06-23 22:37:12.830] [fileLog] [info] 
At end of round 0
==================
Observed 47745833 total fragments (47745833 in most recent round)

[2022-06-23 22:37:13.415] [jointLog] [info] iteration 11, adjusting effective lengths to account for biases
[2022-06-23 22:38:54.995] [jointLog] [info] Computed expected counts (for bias correction)
[2022-06-23 22:38:54.996] [jointLog] [info] processed bias for 0.0% of the transcripts
[2022-06-23 22:39:06.649] [jointLog] [info] processed bias for 10.0% of the transcripts
[2022-06-23 22:39:17.612] [jointLog] [info] processed bias for 20.0% of the transcripts
[2022-06-23 22:39:28.427] [jointLog] [info] processed bias for 30.0% of the transcripts
[2022-06-23 22:39:39.137] [jointLog] [info] processed bias for 40.0% of the transcripts
[2022-06-23 22:39:49.830] [jointLog] [info] processed bias for 50.0% of the transcripts
[2022-06-23 22:40:00.100] [jointLog] [info] processed bias for 60.0% of the transcripts
[2022-06-23 22:40:09.985] [jointLog] [info] processed bias for 70.0% of the transcripts
[2022-06-23 22:40:20.161] [jointLog] [info] processed bias for 80.0% of the transcripts
[2022-06-23 22:40:31.284] [jointLog] [info] processed bias for 90.0% of the transcripts
[2022-06-23 22:40:42.601] [jointLog] [info] processed bias for 100.0% of the transcripts
[2022-06-23 22:40:45.558] [jointLog] [info] iteration = 100 | max rel diff. = 18.7151
[2022-06-23 22:40:48.801] [jointLog] [info] iteration = 200 | max rel diff. = 15.4083
[2022-06-23 22:40:52.050] [jointLog] [info] iteration = 300 | max rel diff. = 18.0399
[2022-06-23 22:40:55.309] [jointLog] [info] iteration = 400 | max rel diff. = 9.20141
[2022-06-23 22:40:58.562] [jointLog] [info] iteration = 500 | max rel diff. = 1.98539
[2022-06-23 22:41:01.819] [jointLog] [info] iteration = 600 | max rel diff. = 3.43367
[2022-06-23 22:41:05.068] [jointLog] [info] iteration = 700 | max rel diff. = 0.226965
[2022-06-23 22:41:08.312] [jointLog] [info] iteration = 800 | max rel diff. = 0.550053
[2022-06-23 22:41:11.550] [jointLog] [info] iteration = 900 | max rel diff. = 1.43782
[2022-06-23 22:41:14.800] [jointLog] [info] iteration = 1,000 | max rel diff. = 0.145557
[2022-06-23 22:41:18.047] [jointLog] [info] iteration = 1,100 | max rel diff. = 0.203425
[2022-06-23 22:41:21.300] [jointLog] [info] iteration = 1,200 | max rel diff. = 0.063713
[2022-06-23 22:41:24.540] [jointLog] [info] iteration = 1,300 | max rel diff. = 1.00646
[2022-06-23 22:41:27.789] [jointLog] [info] iteration = 1,400 | max rel diff. = 0.0396629
[2022-06-23 22:41:31.031] [jointLog] [info] iteration = 1,500 | max rel diff. = 0.0494584
[2022-06-23 22:41:34.283] [jointLog] [info] iteration = 1,600 | max rel diff. = 0.0920514
[2022-06-23 22:41:37.526] [jointLog] [info] iteration = 1,700 | max rel diff. = 0.0815464
[2022-06-23 22:41:40.772] [jointLog] [info] iteration = 1,800 | max rel diff. = 0.0372186
[2022-06-23 22:41:44.020] [jointLog] [info] iteration = 1,900 | max rel diff. = 0.0234045
[2022-06-23 22:41:45.259] [jointLog] [info] iteration = 1,939 | max rel diff. = 0.00867707
[2022-06-23 22:41:45.286] [jointLog] [info] Finished optimizer
[2022-06-23 22:41:45.286] [jointLog] [info] writing output 

