[2022-11-25 15:56:57.276] [jointLog] [info] setting maxHashResizeThreads to 4
[2022-11-25 15:56:57.276] [jointLog] [info] Fragment incompatibility prior below threshold.  Incompatible fragments will be ignored.
[2022-11-25 15:56:57.276] [jointLog] [info] Usage of --validateMappings implies use of minScoreFraction. Since not explicitly specified, it is being set to 0.65
[2022-11-25 15:56:57.276] [jointLog] [info] Setting consensusSlack to selective-alignment default of 0.35.
[2022-11-25 15:56:57.276] [jointLog] [info] parsing read library format
[2022-11-25 15:56:57.276] [jointLog] [info] There is 1 library.
[2022-11-25 15:56:57.353] [jointLog] [info] Loading pufferfish index
[2022-11-25 15:56:57.355] [jointLog] [info] Loading dense pufferfish index.
[2022-11-25 15:57:41.544] [jointLog] [info] done
[2022-11-25 15:57:41.544] [jointLog] [info] Index contained 245,455 targets
[2022-11-25 15:57:45.074] [jointLog] [info] Number of decoys : 194
[2022-11-25 15:57:45.074] [jointLog] [info] First decoy index : 245,220 
[2022-11-25 15:57:46.354] [jointLog] [info] Automatically detected most likely library type as ISF

[2022-11-25 16:31:50.755] [jointLog] [info] Thread saw mini-batch with a maximum of 2.08% zero probability fragments
[2022-11-25 16:31:50.775] [jointLog] [info] Thread saw mini-batch with a maximum of 2.20% zero probability fragments
[2022-11-25 16:31:50.878] [jointLog] [info] Thread saw mini-batch with a maximum of 2.14% zero probability fragments
[2022-11-25 16:31:51.238] [jointLog] [info] Thread saw mini-batch with a maximum of 2.04% zero probability fragments
[2022-11-25 16:31:51.849] [jointLog] [info] Computed 572,604 rich equivalence classes for further processing
[2022-11-25 16:31:51.849] [jointLog] [info] Counted 59,701,768 total reads in the equivalence classes 
[2022-11-25 16:31:51.854] [jointLog] [warning] 0.0070541% of fragments were shorter than the k used to build the index.
If this fraction is too large, consider re-building the index with a smaller k.
The minimum read size found was 15.


[2022-11-25 16:31:51.854] [jointLog] [info] Number of mappings discarded because of alignment score : 37,142,830
[2022-11-25 16:31:51.854] [jointLog] [info] Number of fragments entirely discarded because of alignment score : 3,902,379
[2022-11-25 16:31:51.854] [jointLog] [info] Number of fragments discarded because they are best-mapped to decoys : 2,069,662
[2022-11-25 16:31:51.854] [jointLog] [info] Number of fragments discarded because they have only dovetail (discordant) mappings to valid targets : 903,371
[2022-11-25 16:31:51.854] [jointLog] [info] Mapping rate = 84.4141%

[2022-11-25 16:31:51.854] [jointLog] [info] finished quantifyLibrary()
[2022-11-25 16:31:51.949] [jointLog] [info] Starting optimizer
[2022-11-25 16:31:51.849] [fileLog] [info] 
At end of round 0
==================
Observed 70724871 total fragments (70724871 in most recent round)

[2022-11-25 16:31:52.513] [jointLog] [info] Marked 0 weighted equivalence classes as degenerate
[2022-11-25 16:31:52.606] [jointLog] [info] iteration = 0 | max rel diff. = 34.6357
[2022-11-25 16:31:53.100] [jointLog] [info] iteration 11, adjusting effective lengths to account for biases
[2022-11-25 16:35:48.344] [jointLog] [info] Computed expected counts (for bias correction)
[2022-11-25 16:35:48.344] [jointLog] [info] processed bias for 0.0% of the transcripts
[2022-11-25 16:36:08.762] [jointLog] [info] processed bias for 10.0% of the transcripts
[2022-11-25 16:36:27.128] [jointLog] [info] processed bias for 20.0% of the transcripts
[2022-11-25 16:36:45.373] [jointLog] [info] processed bias for 30.0% of the transcripts
[2022-11-25 16:37:03.942] [jointLog] [info] processed bias for 40.0% of the transcripts
[2022-11-25 16:37:22.890] [jointLog] [info] processed bias for 50.0% of the transcripts
[2022-11-25 16:37:41.249] [jointLog] [info] processed bias for 60.0% of the transcripts
[2022-11-25 16:37:58.596] [jointLog] [info] processed bias for 70.0% of the transcripts
[2022-11-25 16:38:14.750] [jointLog] [info] processed bias for 80.0% of the transcripts
[2022-11-25 16:38:32.796] [jointLog] [info] processed bias for 90.0% of the transcripts
[2022-11-25 16:38:51.971] [jointLog] [info] processed bias for 100.0% of the transcripts
[2022-11-25 16:38:57.390] [jointLog] [info] iteration = 100 | max rel diff. = 17.7432
[2022-11-25 16:39:03.825] [jointLog] [info] iteration = 200 | max rel diff. = 11.2848
[2022-11-25 16:39:10.226] [jointLog] [info] iteration = 300 | max rel diff. = 20.2175
[2022-11-25 16:39:16.276] [jointLog] [info] iteration = 400 | max rel diff. = 0.888589
[2022-11-25 16:39:22.182] [jointLog] [info] iteration = 500 | max rel diff. = 12.1992
[2022-11-25 16:39:28.532] [jointLog] [info] iteration = 600 | max rel diff. = 0.891386
[2022-11-25 16:39:34.315] [jointLog] [info] iteration = 700 | max rel diff. = 13.2323
[2022-11-25 16:39:40.314] [jointLog] [info] iteration = 800 | max rel diff. = 1.43974
[2022-11-25 16:39:46.332] [jointLog] [info] iteration = 900 | max rel diff. = 0.133905
[2022-11-25 16:39:52.271] [jointLog] [info] iteration = 1,000 | max rel diff. = 1.00612
[2022-11-25 16:39:58.240] [jointLog] [info] iteration = 1,100 | max rel diff. = 0.6602
[2022-11-25 16:40:04.454] [jointLog] [info] iteration = 1,200 | max rel diff. = 0.139651
[2022-11-25 16:40:10.186] [jointLog] [info] iteration = 1,300 | max rel diff. = 0.943548
[2022-11-25 16:40:16.012] [jointLog] [info] iteration = 1,400 | max rel diff. = 0.0799126
[2022-11-25 16:40:22.239] [jointLog] [info] iteration = 1,500 | max rel diff. = 0.0307583
[2022-11-25 16:40:28.103] [jointLog] [info] iteration = 1,600 | max rel diff. = 2.09877
[2022-11-25 16:40:33.792] [jointLog] [info] iteration = 1,700 | max rel diff. = 0.137035
[2022-11-25 16:40:39.724] [jointLog] [info] iteration = 1,800 | max rel diff. = 0.0952717
[2022-11-25 16:40:45.534] [jointLog] [info] iteration = 1,900 | max rel diff. = 0.180112
[2022-11-25 16:40:51.488] [jointLog] [info] iteration = 2,000 | max rel diff. = 0.0863409
[2022-11-25 16:40:57.254] [jointLog] [info] iteration = 2,100 | max rel diff. = 0.462496
[2022-11-25 16:41:03.555] [jointLog] [info] iteration = 2,200 | max rel diff. = 0.0231942
[2022-11-25 16:41:09.566] [jointLog] [info] iteration = 2,300 | max rel diff. = 0.0126903
[2022-11-25 16:41:15.267] [jointLog] [info] iteration = 2,400 | max rel diff. = 0.0276787
[2022-11-25 16:41:21.372] [jointLog] [info] iteration = 2,500 | max rel diff. = 0.0347011
[2022-11-25 16:41:22.906] [jointLog] [info] iteration = 2,531 | max rel diff. = 0.00665225
[2022-11-25 16:41:22.972] [jointLog] [info] Finished optimizer
[2022-11-25 16:41:22.972] [jointLog] [info] writing output 

[2022-11-25 16:41:24.147] [jointLog] [info] Starting Bootstrapping
[2022-11-25 16:41:24.383] [jointLog] [info] Will draw 50 bootstrap samples
[2022-11-25 16:41:24.383] [jointLog] [info] Optimizing over 572,604 equivalence classes
[2022-11-25 16:41:24.452] [jointLog] [info] Marked 0 weighted equivalence classes as degenerate
[2022-11-25 16:44:47.878] [jointLog] [info] wrote 1 bootstraps
[2022-11-25 16:45:50.798] [jointLog] [info] wrote 2 bootstraps
[2022-11-25 16:46:05.037] [jointLog] [info] wrote 3 bootstraps
[2022-11-25 16:49:03.100] [jointLog] [info] wrote 4 bootstraps
[2022-11-25 16:49:49.593] [jointLog] [info] wrote 5 bootstraps
[2022-11-25 16:51:23.537] [jointLog] [info] wrote 6 bootstraps
[2022-11-25 16:53:13.109] [jointLog] [info] wrote 7 bootstraps
[2022-11-25 16:54:50.208] [jointLog] [info] wrote 8 bootstraps
[2022-11-25 16:55:02.193] [jointLog] [info] wrote 9 bootstraps
[2022-11-25 16:56:44.203] [jointLog] [info] wrote 10 bootstraps
[2022-11-25 16:57:45.383] [jointLog] [info] wrote 11 bootstraps
[2022-11-25 16:58:34.440] [jointLog] [info] wrote 12 bootstraps
[2022-11-25 17:00:23.683] [jointLog] [info] wrote 13 bootstraps
[2022-11-25 17:01:16.867] [jointLog] [info] wrote 14 bootstraps
[2022-11-25 17:02:39.392] [jointLog] [info] wrote 15 bootstraps
[2022-11-25 17:04:20.468] [jointLog] [info] wrote 16 bootstraps
[2022-11-25 17:05:19.015] [jointLog] [info] wrote 17 bootstraps
[2022-11-25 17:06:27.353] [jointLog] [info] wrote 18 bootstraps
[2022-11-25 17:08:21.725] [jointLog] [info] wrote 19 bootstraps
[2022-11-25 17:09:55.617] [jointLog] [info] wrote 20 bootstraps
[2022-11-25 17:09:59.848] [jointLog] [info] wrote 21 bootstraps
[2022-11-25 17:11:33.741] [jointLog] [info] wrote 22 bootstraps
[2022-11-25 17:13:18.472] [jointLog] [info] wrote 23 bootstraps
[2022-11-25 17:14:16.062] [jointLog] [info] wrote 24 bootstraps
[2022-11-25 17:14:55.012] [jointLog] [info] wrote 25 bootstraps
[2022-11-25 17:16:33.288] [jointLog] [info] wrote 26 bootstraps
[2022-11-25 17:17:42.467] [jointLog] [info] wrote 27 bootstraps
[2022-11-25 17:18:31.744] [jointLog] [info] wrote 28 bootstraps
[2022-11-25 17:20:35.710] [jointLog] [info] wrote 29 bootstraps
[2022-11-25 17:21:07.711] [jointLog] [info] wrote 30 bootstraps
[2022-11-25 17:21:41.172] [jointLog] [info] wrote 31 bootstraps
[2022-11-25 17:23:51.433] [jointLog] [info] wrote 32 bootstraps
[2022-11-25 17:25:15.041] [jointLog] [info] wrote 33 bootstraps
[2022-11-25 17:26:16.473] [jointLog] [info] wrote 34 bootstraps
[2022-11-25 17:28:01.594] [jointLog] [info] wrote 35 bootstraps
[2022-11-25 17:28:36.651] [jointLog] [info] wrote 36 bootstraps
[2022-11-25 17:31:05.924] [jointLog] [info] wrote 37 bootstraps
[2022-11-25 17:32:07.248] [jointLog] [info] wrote 38 bootstraps
[2022-11-25 17:32:14.906] [jointLog] [info] wrote 39 bootstraps
[2022-11-25 17:34:14.487] [jointLog] [info] wrote 40 bootstraps
[2022-11-25 17:36:22.945] [jointLog] [info] wrote 41 bootstraps
[2022-11-25 17:36:26.354] [jointLog] [info] wrote 42 bootstraps
[2022-11-25 17:37:10.435] [jointLog] [info] wrote 43 bootstraps
[2022-11-25 17:39:59.747] [jointLog] [info] wrote 44 bootstraps
[2022-11-25 17:40:00.302] [jointLog] [info] wrote 45 bootstraps
[2022-11-25 17:41:14.727] [jointLog] [info] wrote 46 bootstraps
[2022-11-25 17:43:17.749] [jointLog] [info] wrote 47 bootstraps
[2022-11-25 17:43:25.768] [jointLog] [info] wrote 48 bootstraps
[2022-11-25 17:44:25.494] [jointLog] [info] wrote 49 bootstraps
[2022-11-25 17:46:49.538] [jointLog] [info] wrote 50 bootstraps
[2022-11-25 17:46:49.591] [jointLog] [info] Finished Bootstrapping
[2022-11-25 17:46:49.591] [jointLog] [info] Computing gene-level abundance estimates
[2022-11-25 17:47:46.913] [jointLog] [info] There were 246624 transcripts mapping to 61544 genes
[2022-11-25 17:47:46.914] [jointLog] [info] NOTE: We recommend using tximport (https://bioconductor.org/packages/release/bioc/html/tximport.html) for aggregating transcript-level salmon abundance estimates to the gene level.  It is more versatile, exposes more features, and allows considering multi-sample information during aggregation.
[2022-11-25 17:47:47.412] [jointLog] [info] Aggregating expressions to gene level
[2022-11-25 17:47:47.625] [jointLog] [info] done
