IRFinder version: 1.3.0
IRFinder start:  Thu Feb 3 20:45:59 GMT 2022
IRFinder runmode: BAM
IRFinder user@host: mzanovel @ burns-610-113.local
IRFinder working dir:  /SAN/vyplab/first_weeks/TDP_CHX_CLONES_GLIA/rna_seq_snakemake
IRFinder reference: /SAN/vyplab/alb_projects/tools/IRFinder/REF/human_gencode_v34/irfinder/
IRFinder file 1: /SAN/vyplab/first_weeks/TDP_CHX_CLONES_GLIA/IRFinder/chx-tdp_CTRL_chx_2_namesorted.bam
IRFinder file 2: 
---
IRFinder run with options:
Output Dir	/SAN/vyplab/first_weeks/TDP_CHX_CLONES_GLIA/IRFinder/chx-tdp_CTRL_chx_2
Main intron reference:	/SAN/vyplab/alb_projects/tools/IRFinder/REF/human_gencode_v34/irfinder//IRFinder/ref-cover.bed
Read spans reference:	/SAN/vyplab/alb_projects/tools/IRFinder/REF/human_gencode_v34/irfinder//IRFinder/ref-read-continues.ref
Optional ROI reference:	/SAN/vyplab/alb_projects/tools/IRFinder/REF/human_gencode_v34/irfinder//IRFinder/ref-ROI.bed
Optional BAM output:	NULL
Total reads processed: 112746482
Total nucleotides: 6433152182
Total singles processed: 0
Total pairs processed: 48768472
Short pairs: 14052039
Intersect pairs: 27482851
Long pairs: 7233582
Skipped reads: 15208969
Error reads: 569
Directionality: Dir evidence:	139185
Directionality: Nondir evidence:	410
Directionality: Dir evidence known junctions:	124254
Directionality: Nondir evidence known junctions:	268
Directionality: Dir matches ref:	124252
Directionality: Dir opposed to ref:	2
Directionality: Dir score all (0-10000):	9970
Directionality: Dir score known junctions (0-10000):	9978
RNA-Seq directionality -1/0/+1:	1
