IRFinder version: 1.3.0
IRFinder start:  Thu Feb 3 20:46:00 GMT 2022
IRFinder runmode: BAM
IRFinder user@host: mzanovel @ burns-609-25.local
IRFinder working dir:  /SAN/vyplab/first_weeks/TDP_CHX_CLONES_GLIA/rna_seq_snakemake
IRFinder reference: /SAN/vyplab/alb_projects/tools/IRFinder/REF/human_gencode_v34/irfinder/
IRFinder file 1: /SAN/vyplab/first_weeks/TDP_CHX_CLONES_GLIA/IRFinder/chx-tdp_CTRL_ctrl_3_namesorted.bam
IRFinder file 2: 
---
IRFinder run with options:
Output Dir	/SAN/vyplab/first_weeks/TDP_CHX_CLONES_GLIA/IRFinder/chx-tdp_CTRL_ctrl_3
Main intron reference:	/SAN/vyplab/alb_projects/tools/IRFinder/REF/human_gencode_v34/irfinder//IRFinder/ref-cover.bed
Read spans reference:	/SAN/vyplab/alb_projects/tools/IRFinder/REF/human_gencode_v34/irfinder//IRFinder/ref-read-continues.ref
Optional ROI reference:	/SAN/vyplab/alb_projects/tools/IRFinder/REF/human_gencode_v34/irfinder//IRFinder/ref-ROI.bed
Optional BAM output:	NULL
Total reads processed: 130269025
Total nucleotides: 6909544098
Total singles processed: 0
Total pairs processed: 49439191
Short pairs: 10491503
Intersect pairs: 30278538
Long pairs: 8669150
Skipped reads: 31390179
Error reads: 464
Directionality: Dir evidence:	132167
Directionality: Nondir evidence:	311
Directionality: Dir evidence known junctions:	124331
Directionality: Nondir evidence known junctions:	206
Directionality: Dir matches ref:	124328
Directionality: Dir opposed to ref:	3
Directionality: Dir score all (0-10000):	9976
Directionality: Dir score known junctions (0-10000):	9983
RNA-Seq directionality -1/0/+1:	1
