[2022-11-25 15:06:47.131] [jointLog] [info] setting maxHashResizeThreads to 4
[2022-11-25 15:06:47.131] [jointLog] [info] Fragment incompatibility prior below threshold.  Incompatible fragments will be ignored.
[2022-11-25 15:06:47.131] [jointLog] [info] Usage of --validateMappings implies use of minScoreFraction. Since not explicitly specified, it is being set to 0.65
[2022-11-25 15:06:47.131] [jointLog] [info] Setting consensusSlack to selective-alignment default of 0.35.
[2022-11-25 15:06:47.131] [jointLog] [info] parsing read library format
[2022-11-25 15:06:47.131] [jointLog] [info] There is 1 library.
[2022-11-25 15:06:47.239] [jointLog] [info] Loading pufferfish index
[2022-11-25 15:06:47.253] [jointLog] [info] Loading dense pufferfish index.
[2022-11-25 15:09:42.318] [jointLog] [info] done
[2022-11-25 15:09:42.318] [jointLog] [info] Index contained 245,455 targets
[2022-11-25 15:09:44.858] [jointLog] [info] Number of decoys : 194
[2022-11-25 15:09:44.858] [jointLog] [info] First decoy index : 245,220 
[2022-11-25 15:09:45.531] [jointLog] [info] Automatically detected most likely library type as ISF

[2022-11-25 15:35:08.281] [jointLog] [info] Thread saw mini-batch with a maximum of 2.26% zero probability fragments
[2022-11-25 15:35:08.569] [jointLog] [info] Thread saw mini-batch with a maximum of 2.22% zero probability fragments
[2022-11-25 15:35:08.588] [jointLog] [info] Thread saw mini-batch with a maximum of 2.30% zero probability fragments
[2022-11-25 15:35:08.829] [jointLog] [info] Thread saw mini-batch with a maximum of 2.30% zero probability fragments
[2022-11-25 15:35:09.421] [jointLog] [info] Computed 573,082 rich equivalence classes for further processing
[2022-11-25 15:35:09.421] [jointLog] [info] Counted 53,427,946 total reads in the equivalence classes 
[2022-11-25 15:35:09.425] [jointLog] [warning] 0.00657233% of fragments were shorter than the k used to build the index.
If this fraction is too large, consider re-building the index with a smaller k.
The minimum read size found was 15.


[2022-11-25 15:35:09.425] [jointLog] [info] Number of mappings discarded because of alignment score : 35,198,588
[2022-11-25 15:35:09.425] [jointLog] [info] Number of fragments entirely discarded because of alignment score : 4,071,565
[2022-11-25 15:35:09.425] [jointLog] [info] Number of fragments discarded because they are best-mapped to decoys : 2,234,379
[2022-11-25 15:35:09.426] [jointLog] [info] Number of fragments discarded because they have only dovetail (discordant) mappings to valid targets : 840,911
[2022-11-25 15:35:09.426] [jointLog] [info] Mapping rate = 82.837%

[2022-11-25 15:35:09.426] [jointLog] [info] finished quantifyLibrary()
[2022-11-25 15:35:09.427] [jointLog] [info] Starting optimizer
[2022-11-25 15:35:09.421] [fileLog] [info] 
At end of round 0
==================
Observed 64497658 total fragments (64497658 in most recent round)

[2022-11-25 15:35:35.517] [jointLog] [info] Marked 0 weighted equivalence classes as degenerate
[2022-11-25 15:35:35.582] [jointLog] [info] iteration = 0 | max rel diff. = 34.3414
[2022-11-25 15:35:36.268] [jointLog] [info] iteration 11, adjusting effective lengths to account for biases
[2022-11-25 15:37:57.541] [jointLog] [info] Computed expected counts (for bias correction)
[2022-11-25 15:37:57.541] [jointLog] [info] processed bias for 0.0% of the transcripts
[2022-11-25 15:38:14.852] [jointLog] [info] processed bias for 10.0% of the transcripts
[2022-11-25 15:38:29.793] [jointLog] [info] processed bias for 20.0% of the transcripts
[2022-11-25 15:38:44.299] [jointLog] [info] processed bias for 30.0% of the transcripts
[2022-11-25 15:38:59.814] [jointLog] [info] processed bias for 40.0% of the transcripts
[2022-11-25 15:39:15.426] [jointLog] [info] processed bias for 50.0% of the transcripts
[2022-11-25 15:39:29.340] [jointLog] [info] processed bias for 60.0% of the transcripts
[2022-11-25 15:39:42.210] [jointLog] [info] processed bias for 70.0% of the transcripts
[2022-11-25 15:39:55.894] [jointLog] [info] processed bias for 80.0% of the transcripts
[2022-11-25 15:40:10.344] [jointLog] [info] processed bias for 90.0% of the transcripts
[2022-11-25 15:40:26.843] [jointLog] [info] processed bias for 100.0% of the transcripts
[2022-11-25 15:40:33.449] [jointLog] [info] iteration = 100 | max rel diff. = 20.7492
[2022-11-25 15:40:39.910] [jointLog] [info] iteration = 200 | max rel diff. = 11.8805
[2022-11-25 15:40:46.332] [jointLog] [info] iteration = 300 | max rel diff. = 12.3221
[2022-11-25 15:40:52.801] [jointLog] [info] iteration = 400 | max rel diff. = 3.31
[2022-11-25 15:40:58.912] [jointLog] [info] iteration = 500 | max rel diff. = 0.747608
[2022-11-25 15:41:05.510] [jointLog] [info] iteration = 600 | max rel diff. = 0.425387
[2022-11-25 15:41:12.327] [jointLog] [info] iteration = 700 | max rel diff. = 0.124968
[2022-11-25 15:41:19.036] [jointLog] [info] iteration = 800 | max rel diff. = 0.757124
[2022-11-25 15:41:25.763] [jointLog] [info] iteration = 900 | max rel diff. = 0.175433
[2022-11-25 15:41:32.991] [jointLog] [info] iteration = 1,000 | max rel diff. = 0.166119
[2022-11-25 15:41:39.489] [jointLog] [info] iteration = 1,100 | max rel diff. = 2.18237
[2022-11-25 15:41:45.981] [jointLog] [info] iteration = 1,200 | max rel diff. = 0.250633
[2022-11-25 15:41:52.673] [jointLog] [info] iteration = 1,300 | max rel diff. = 0.20208
[2022-11-25 15:41:58.712] [jointLog] [info] iteration = 1,400 | max rel diff. = 0.508245
[2022-11-25 15:42:05.628] [jointLog] [info] iteration = 1,500 | max rel diff. = 0.369938
[2022-11-25 15:42:11.806] [jointLog] [info] iteration = 1,600 | max rel diff. = 0.290561
[2022-11-25 15:42:18.518] [jointLog] [info] iteration = 1,700 | max rel diff. = 0.0451395
[2022-11-25 15:42:24.767] [jointLog] [info] iteration = 1,800 | max rel diff. = 0.0656391
[2022-11-25 15:42:31.801] [jointLog] [info] iteration = 1,900 | max rel diff. = 0.0953268
[2022-11-25 15:42:38.068] [jointLog] [info] iteration = 2,000 | max rel diff. = 0.0335207
[2022-11-25 15:42:44.415] [jointLog] [info] iteration = 2,100 | max rel diff. = 0.373025
[2022-11-25 15:42:50.709] [jointLog] [info] iteration = 2,200 | max rel diff. = 0.290238
[2022-11-25 15:42:57.140] [jointLog] [info] iteration = 2,300 | max rel diff. = 0.0156459
[2022-11-25 15:43:03.762] [jointLog] [info] iteration = 2,400 | max rel diff. = 0.0266964
[2022-11-25 15:43:07.415] [jointLog] [info] iteration = 2,465 | max rel diff. = 0.00704313
[2022-11-25 15:43:07.458] [jointLog] [info] Finished optimizer
[2022-11-25 15:43:07.458] [jointLog] [info] writing output 

[2022-11-25 15:43:08.058] [jointLog] [info] Starting Bootstrapping
[2022-11-25 15:43:08.423] [jointLog] [info] Will draw 50 bootstrap samples
[2022-11-25 15:43:08.423] [jointLog] [info] Optimizing over 573,082 equivalence classes
[2022-11-25 15:43:08.562] [jointLog] [info] Marked 0 weighted equivalence classes as degenerate
[2022-11-25 15:46:51.566] [jointLog] [info] wrote 1 bootstraps
[2022-11-25 15:47:16.724] [jointLog] [info] wrote 2 bootstraps
[2022-11-25 15:47:45.284] [jointLog] [info] wrote 3 bootstraps
[2022-11-25 15:51:07.895] [jointLog] [info] wrote 4 bootstraps
[2022-11-25 15:51:08.367] [jointLog] [info] wrote 5 bootstraps
[2022-11-25 15:51:52.230] [jointLog] [info] wrote 6 bootstraps
[2022-11-25 15:54:56.494] [jointLog] [info] wrote 7 bootstraps
[2022-11-25 15:55:20.851] [jointLog] [info] wrote 8 bootstraps
[2022-11-25 15:56:23.190] [jointLog] [info] wrote 9 bootstraps
[2022-11-25 15:59:26.903] [jointLog] [info] wrote 10 bootstraps
[2022-11-25 15:59:36.946] [jointLog] [info] wrote 11 bootstraps
[2022-11-25 16:00:32.955] [jointLog] [info] wrote 12 bootstraps
[2022-11-25 16:03:34.955] [jointLog] [info] wrote 13 bootstraps
[2022-11-25 16:03:43.457] [jointLog] [info] wrote 14 bootstraps
[2022-11-25 16:04:00.911] [jointLog] [info] wrote 15 bootstraps
[2022-11-25 16:07:36.967] [jointLog] [info] wrote 16 bootstraps
[2022-11-25 16:07:57.673] [jointLog] [info] wrote 17 bootstraps
[2022-11-25 16:09:28.800] [jointLog] [info] wrote 18 bootstraps
[2022-11-25 16:11:43.909] [jointLog] [info] wrote 19 bootstraps
[2022-11-25 16:11:45.742] [jointLog] [info] wrote 20 bootstraps
[2022-11-25 16:13:28.851] [jointLog] [info] wrote 21 bootstraps
[2022-11-25 16:16:03.115] [jointLog] [info] wrote 22 bootstraps
[2022-11-25 16:16:03.954] [jointLog] [info] wrote 23 bootstraps
[2022-11-25 16:18:18.909] [jointLog] [info] wrote 24 bootstraps
[2022-11-25 16:20:18.850] [jointLog] [info] wrote 25 bootstraps
[2022-11-25 16:20:29.050] [jointLog] [info] wrote 26 bootstraps
[2022-11-25 16:23:12.034] [jointLog] [info] wrote 27 bootstraps
[2022-11-25 16:24:36.482] [jointLog] [info] wrote 28 bootstraps
[2022-11-25 16:25:09.954] [jointLog] [info] wrote 29 bootstraps
[2022-11-25 16:27:21.721] [jointLog] [info] wrote 30 bootstraps
[2022-11-25 16:29:07.424] [jointLog] [info] wrote 31 bootstraps
[2022-11-25 16:29:38.302] [jointLog] [info] wrote 32 bootstraps
[2022-11-25 16:31:48.913] [jointLog] [info] wrote 33 bootstraps
[2022-11-25 16:34:12.451] [jointLog] [info] wrote 34 bootstraps
[2022-11-25 16:34:23.225] [jointLog] [info] wrote 35 bootstraps
[2022-11-25 16:35:18.843] [jointLog] [info] wrote 36 bootstraps
[2022-11-25 16:38:33.767] [jointLog] [info] wrote 37 bootstraps
[2022-11-25 16:39:44.077] [jointLog] [info] wrote 38 bootstraps
[2022-11-25 16:40:10.564] [jointLog] [info] wrote 39 bootstraps
[2022-11-25 16:43:03.854] [jointLog] [info] wrote 40 bootstraps
[2022-11-25 16:43:41.226] [jointLog] [info] wrote 41 bootstraps
[2022-11-25 16:44:21.817] [jointLog] [info] wrote 42 bootstraps
[2022-11-25 16:47:03.495] [jointLog] [info] wrote 43 bootstraps
[2022-11-25 16:48:10.597] [jointLog] [info] wrote 44 bootstraps
[2022-11-25 16:48:49.243] [jointLog] [info] wrote 45 bootstraps
[2022-11-25 16:51:10.969] [jointLog] [info] wrote 46 bootstraps
[2022-11-25 16:51:59.871] [jointLog] [info] wrote 47 bootstraps
[2022-11-25 16:52:19.952] [jointLog] [info] wrote 48 bootstraps
[2022-11-25 16:54:57.578] [jointLog] [info] wrote 49 bootstraps
[2022-11-25 16:55:48.918] [jointLog] [info] wrote 50 bootstraps
[2022-11-25 16:55:48.963] [jointLog] [info] Finished Bootstrapping
[2022-11-25 16:55:48.963] [jointLog] [info] Computing gene-level abundance estimates
[2022-11-25 16:56:49.991] [jointLog] [info] There were 246624 transcripts mapping to 61544 genes
[2022-11-25 16:56:50.002] [jointLog] [info] NOTE: We recommend using tximport (https://bioconductor.org/packages/release/bioc/html/tximport.html) for aggregating transcript-level salmon abundance estimates to the gene level.  It is more versatile, exposes more features, and allows considering multi-sample information during aggregation.
[2022-11-25 16:56:50.836] [jointLog] [info] Aggregating expressions to gene level
[2022-11-25 16:56:51.132] [jointLog] [info] done
