[2022-11-26 02:14:33.088] [jointLog] [info] setting maxHashResizeThreads to 4
[2022-11-26 02:14:33.088] [jointLog] [info] Fragment incompatibility prior below threshold.  Incompatible fragments will be ignored.
[2022-11-26 02:14:33.088] [jointLog] [info] Usage of --validateMappings implies use of minScoreFraction. Since not explicitly specified, it is being set to 0.65
[2022-11-26 02:14:33.088] [jointLog] [info] Setting consensusSlack to selective-alignment default of 0.35.
[2022-11-26 02:14:33.088] [jointLog] [info] parsing read library format
[2022-11-26 02:14:33.088] [jointLog] [info] There is 1 library.
[2022-11-26 02:14:33.485] [jointLog] [info] Loading pufferfish index
[2022-11-26 02:14:33.530] [jointLog] [info] Loading dense pufferfish index.
[2022-11-26 02:15:23.520] [jointLog] [info] done
[2022-11-26 02:15:23.520] [jointLog] [info] Index contained 245,455 targets
[2022-11-26 02:15:27.235] [jointLog] [info] Number of decoys : 194
[2022-11-26 02:15:27.235] [jointLog] [info] First decoy index : 245,220 
[2022-11-26 02:15:33.400] [jointLog] [info] Automatically detected most likely library type as ISF

[2022-11-26 04:05:12.094] [jointLog] [info] Thread saw mini-batch with a maximum of 2.22% zero probability fragments
[2022-11-26 04:05:12.094] [jointLog] [info] Thread saw mini-batch with a maximum of 2.24% zero probability fragments
[2022-11-26 04:05:12.216] [jointLog] [info] Thread saw mini-batch with a maximum of 2.22% zero probability fragments
[2022-11-26 04:05:12.526] [jointLog] [info] Thread saw mini-batch with a maximum of 2.22% zero probability fragments
[2022-11-26 04:05:13.019] [jointLog] [info] Computed 546,201 rich equivalence classes for further processing
[2022-11-26 04:05:13.019] [jointLog] [info] Counted 53,151,743 total reads in the equivalence classes 
[2022-11-26 04:05:13.023] [jointLog] [warning] 0.00536615% of fragments were shorter than the k used to build the index.
If this fraction is too large, consider re-building the index with a smaller k.
The minimum read size found was 15.


[2022-11-26 04:05:13.023] [jointLog] [info] Number of mappings discarded because of alignment score : 33,205,817
[2022-11-26 04:05:13.023] [jointLog] [info] Number of fragments entirely discarded because of alignment score : 3,724,723
[2022-11-26 04:05:13.023] [jointLog] [info] Number of fragments discarded because they are best-mapped to decoys : 2,034,404
[2022-11-26 04:05:13.023] [jointLog] [info] Number of fragments discarded because they have only dovetail (discordant) mappings to valid targets : 828,353
[2022-11-26 04:05:13.023] [jointLog] [info] Mapping rate = 83.5443%

[2022-11-26 04:05:13.023] [jointLog] [info] finished quantifyLibrary()
[2022-11-26 04:05:13.020] [fileLog] [info] 
At end of round 0
==================
Observed 63621011 total fragments (63621011 in most recent round)

[2022-11-26 04:05:13.331] [jointLog] [info] Starting optimizer
[2022-11-26 04:05:33.529] [jointLog] [info] Marked 0 weighted equivalence classes as degenerate
[2022-11-26 04:05:33.586] [jointLog] [info] iteration = 0 | max rel diff. = 43.0151
[2022-11-26 04:05:34.156] [jointLog] [info] iteration 11, adjusting effective lengths to account for biases
[2022-11-26 04:07:59.220] [jointLog] [info] Computed expected counts (for bias correction)
[2022-11-26 04:07:59.221] [jointLog] [info] processed bias for 0.0% of the transcripts
[2022-11-26 04:08:16.259] [jointLog] [info] processed bias for 10.0% of the transcripts
[2022-11-26 04:08:30.724] [jointLog] [info] processed bias for 20.0% of the transcripts
[2022-11-26 04:08:46.560] [jointLog] [info] processed bias for 30.0% of the transcripts
[2022-11-26 04:09:01.663] [jointLog] [info] processed bias for 40.0% of the transcripts
[2022-11-26 04:09:17.471] [jointLog] [info] processed bias for 50.0% of the transcripts
[2022-11-26 04:09:32.559] [jointLog] [info] processed bias for 60.0% of the transcripts
[2022-11-26 04:09:47.954] [jointLog] [info] processed bias for 70.0% of the transcripts
[2022-11-26 04:10:02.246] [jointLog] [info] processed bias for 80.0% of the transcripts
[2022-11-26 04:10:16.574] [jointLog] [info] processed bias for 90.0% of the transcripts
[2022-11-26 04:10:31.666] [jointLog] [info] processed bias for 100.0% of the transcripts
[2022-11-26 04:10:37.437] [jointLog] [info] iteration = 100 | max rel diff. = 12.0248
[2022-11-26 04:10:44.476] [jointLog] [info] iteration = 200 | max rel diff. = 15.8584
[2022-11-26 04:10:50.799] [jointLog] [info] iteration = 300 | max rel diff. = 10.4606
[2022-11-26 04:10:56.876] [jointLog] [info] iteration = 400 | max rel diff. = 0.529942
[2022-11-26 04:11:03.110] [jointLog] [info] iteration = 500 | max rel diff. = 5.42438
[2022-11-26 04:11:10.836] [jointLog] [info] iteration = 600 | max rel diff. = 1.51845
[2022-11-26 04:11:17.686] [jointLog] [info] iteration = 700 | max rel diff. = 5.99242
[2022-11-26 04:11:24.442] [jointLog] [info] iteration = 800 | max rel diff. = 1.50167
[2022-11-26 04:11:30.972] [jointLog] [info] iteration = 900 | max rel diff. = 0.292608
[2022-11-26 04:11:37.927] [jointLog] [info] iteration = 1,000 | max rel diff. = 0.734788
[2022-11-26 04:11:44.540] [jointLog] [info] iteration = 1,100 | max rel diff. = 0.423235
[2022-11-26 04:11:51.448] [jointLog] [info] iteration = 1,200 | max rel diff. = 0.645831
[2022-11-26 04:11:58.715] [jointLog] [info] iteration = 1,300 | max rel diff. = 0.121878
[2022-11-26 04:12:05.400] [jointLog] [info] iteration = 1,400 | max rel diff. = 0.0330661
[2022-11-26 04:12:12.606] [jointLog] [info] iteration = 1,500 | max rel diff. = 0.258625
[2022-11-26 04:12:19.045] [jointLog] [info] iteration = 1,600 | max rel diff. = 0.37521
[2022-11-26 04:12:25.859] [jointLog] [info] iteration = 1,700 | max rel diff. = 0.0794294
[2022-11-26 04:12:32.628] [jointLog] [info] iteration = 1,800 | max rel diff. = 0.0250584
[2022-11-26 04:12:39.684] [jointLog] [info] iteration = 1,900 | max rel diff. = 0.06262
[2022-11-26 04:12:46.296] [jointLog] [info] iteration = 2,000 | max rel diff. = 0.204814
[2022-11-26 04:12:52.709] [jointLog] [info] iteration = 2,100 | max rel diff. = 0.0427073
[2022-11-26 04:12:56.943] [jointLog] [info] iteration = 2,162 | max rel diff. = 0.00923081
[2022-11-26 04:12:57.068] [jointLog] [info] Finished optimizer
[2022-11-26 04:12:57.068] [jointLog] [info] writing output 

[2022-11-26 04:12:59.735] [jointLog] [info] Starting Bootstrapping
[2022-11-26 04:12:59.971] [jointLog] [info] Will draw 50 bootstrap samples
[2022-11-26 04:12:59.971] [jointLog] [info] Optimizing over 546,201 equivalence classes
[2022-11-26 04:13:00.046] [jointLog] [info] Marked 0 weighted equivalence classes as degenerate
[2022-11-26 04:16:10.042] [jointLog] [info] wrote 1 bootstraps
[2022-11-26 04:17:25.018] [jointLog] [info] wrote 2 bootstraps
[2022-11-26 04:18:22.944] [jointLog] [info] wrote 3 bootstraps
[2022-11-26 04:20:10.384] [jointLog] [info] wrote 4 bootstraps
[2022-11-26 04:21:26.802] [jointLog] [info] wrote 5 bootstraps
[2022-11-26 04:23:15.337] [jointLog] [info] wrote 6 bootstraps
[2022-11-26 04:24:42.258] [jointLog] [info] wrote 7 bootstraps
[2022-11-26 04:26:00.413] [jointLog] [info] wrote 8 bootstraps
[2022-11-26 04:27:35.810] [jointLog] [info] wrote 9 bootstraps
[2022-11-26 04:29:10.555] [jointLog] [info] wrote 10 bootstraps
[2022-11-26 04:29:53.547] [jointLog] [info] wrote 11 bootstraps
[2022-11-26 04:31:29.530] [jointLog] [info] wrote 12 bootstraps
[2022-11-26 04:33:18.867] [jointLog] [info] wrote 13 bootstraps
[2022-11-26 04:33:48.495] [jointLog] [info] wrote 14 bootstraps
[2022-11-26 04:36:20.355] [jointLog] [info] wrote 15 bootstraps
[2022-11-26 04:37:38.158] [jointLog] [info] wrote 16 bootstraps
[2022-11-26 04:37:40.527] [jointLog] [info] wrote 17 bootstraps
[2022-11-26 04:41:12.705] [jointLog] [info] wrote 18 bootstraps
[2022-11-26 04:41:33.930] [jointLog] [info] wrote 19 bootstraps
[2022-11-26 04:42:08.342] [jointLog] [info] wrote 20 bootstraps
[2022-11-26 04:44:33.583] [jointLog] [info] wrote 21 bootstraps
[2022-11-26 04:44:46.653] [jointLog] [info] wrote 22 bootstraps
[2022-11-26 04:46:02.586] [jointLog] [info] wrote 23 bootstraps
[2022-11-26 04:48:59.241] [jointLog] [info] wrote 24 bootstraps
[2022-11-26 04:49:22.930] [jointLog] [info] wrote 25 bootstraps
[2022-11-26 04:50:08.550] [jointLog] [info] wrote 26 bootstraps
[2022-11-26 04:53:03.554] [jointLog] [info] wrote 27 bootstraps
[2022-11-26 04:53:11.558] [jointLog] [info] wrote 28 bootstraps
[2022-11-26 04:54:44.211] [jointLog] [info] wrote 29 bootstraps
[2022-11-26 04:57:22.019] [jointLog] [info] wrote 30 bootstraps
[2022-11-26 04:57:32.728] [jointLog] [info] wrote 31 bootstraps
[2022-11-26 04:59:02.781] [jointLog] [info] wrote 32 bootstraps
[2022-11-26 05:00:49.584] [jointLog] [info] wrote 33 bootstraps
[2022-11-26 05:01:45.210] [jointLog] [info] wrote 34 bootstraps
[2022-11-26 05:04:22.049] [jointLog] [info] wrote 35 bootstraps
[2022-11-26 05:04:56.774] [jointLog] [info] wrote 36 bootstraps
[2022-11-26 05:06:39.316] [jointLog] [info] wrote 37 bootstraps
[2022-11-26 05:08:40.755] [jointLog] [info] wrote 38 bootstraps
[2022-11-26 05:09:19.170] [jointLog] [info] wrote 39 bootstraps
[2022-11-26 05:11:08.348] [jointLog] [info] wrote 40 bootstraps
[2022-11-26 05:13:09.660] [jointLog] [info] wrote 41 bootstraps
[2022-11-26 05:13:32.483] [jointLog] [info] wrote 42 bootstraps
[2022-11-26 05:15:10.987] [jointLog] [info] wrote 43 bootstraps
[2022-11-26 05:17:39.927] [jointLog] [info] wrote 44 bootstraps
[2022-11-26 05:17:49.916] [jointLog] [info] wrote 45 bootstraps
[2022-11-26 05:19:40.709] [jointLog] [info] wrote 46 bootstraps
[2022-11-26 05:21:41.287] [jointLog] [info] wrote 47 bootstraps
[2022-11-26 05:22:24.266] [jointLog] [info] wrote 48 bootstraps
[2022-11-26 05:23:36.856] [jointLog] [info] wrote 49 bootstraps
[2022-11-26 05:25:49.727] [jointLog] [info] wrote 50 bootstraps
[2022-11-26 05:25:49.781] [jointLog] [info] Finished Bootstrapping
[2022-11-26 05:25:49.781] [jointLog] [info] Computing gene-level abundance estimates
[2022-11-26 05:26:45.663] [jointLog] [info] There were 246624 transcripts mapping to 61544 genes
[2022-11-26 05:26:45.944] [jointLog] [info] NOTE: We recommend using tximport (https://bioconductor.org/packages/release/bioc/html/tximport.html) for aggregating transcript-level salmon abundance estimates to the gene level.  It is more versatile, exposes more features, and allows considering multi-sample information during aggregation.
[2022-11-26 05:26:46.767] [jointLog] [info] Aggregating expressions to gene level
[2022-11-26 05:26:47.569] [jointLog] [info] done
