[2022-11-26 00:11:14.989] [jointLog] [info] setting maxHashResizeThreads to 4
[2022-11-26 00:11:14.989] [jointLog] [info] Fragment incompatibility prior below threshold.  Incompatible fragments will be ignored.
[2022-11-26 00:11:14.989] [jointLog] [info] Usage of --validateMappings implies use of minScoreFraction. Since not explicitly specified, it is being set to 0.65
[2022-11-26 00:11:14.989] [jointLog] [info] Setting consensusSlack to selective-alignment default of 0.35.
[2022-11-26 00:11:14.989] [jointLog] [info] parsing read library format
[2022-11-26 00:11:14.989] [jointLog] [info] There is 1 library.
[2022-11-26 00:11:15.062] [jointLog] [info] Loading pufferfish index
[2022-11-26 00:11:15.083] [jointLog] [info] Loading dense pufferfish index.
[2022-11-26 00:18:48.240] [jointLog] [info] done
[2022-11-26 00:18:48.240] [jointLog] [info] Index contained 245,455 targets
[2022-11-26 00:18:52.140] [jointLog] [info] Number of decoys : 194
[2022-11-26 00:18:52.141] [jointLog] [info] First decoy index : 245,220 
[2022-11-26 00:18:53.695] [jointLog] [info] Automatically detected most likely library type as ISF

[2022-11-26 00:58:45.365] [jointLog] [info] Thread saw mini-batch with a maximum of 1.88% zero probability fragments
[2022-11-26 00:58:45.632] [jointLog] [info] Thread saw mini-batch with a maximum of 1.84% zero probability fragments
[2022-11-26 00:58:45.680] [jointLog] [info] Thread saw mini-batch with a maximum of 1.98% zero probability fragments
[2022-11-26 00:58:45.705] [jointLog] [info] Thread saw mini-batch with a maximum of 1.88% zero probability fragments
[2022-11-26 00:58:46.172] [fileLog] [info] 
At end of round 0
==================
Observed 64522581 total fragments (64522581 in most recent round)

[2022-11-26 00:58:46.172] [jointLog] [info] Computed 559,465 rich equivalence classes for further processing
[2022-11-26 00:58:46.172] [jointLog] [info] Counted 53,784,397 total reads in the equivalence classes 
[2022-11-26 00:58:46.176] [jointLog] [warning] 0.00404975% of fragments were shorter than the k used to build the index.
If this fraction is too large, consider re-building the index with a smaller k.
The minimum read size found was 15.


[2022-11-26 00:58:46.176] [jointLog] [info] Number of mappings discarded because of alignment score : 31,555,947
[2022-11-26 00:58:46.176] [jointLog] [info] Number of fragments entirely discarded because of alignment score : 3,816,201
[2022-11-26 00:58:46.176] [jointLog] [info] Number of fragments discarded because they are best-mapped to decoys : 2,181,933
[2022-11-26 00:58:46.176] [jointLog] [info] Number of fragments discarded because they have only dovetail (discordant) mappings to valid targets : 752,555
[2022-11-26 00:58:46.176] [jointLog] [info] Mapping rate = 83.3575%

[2022-11-26 00:58:46.176] [jointLog] [info] finished quantifyLibrary()
[2022-11-26 00:58:46.362] [jointLog] [info] Starting optimizer
[2022-11-26 00:58:46.714] [jointLog] [info] Marked 0 weighted equivalence classes as degenerate
[2022-11-26 00:58:46.971] [jointLog] [info] iteration = 0 | max rel diff. = 33.0975
[2022-11-26 00:58:47.823] [jointLog] [info] iteration 11, adjusting effective lengths to account for biases
[2022-11-26 01:01:19.771] [jointLog] [info] Computed expected counts (for bias correction)
[2022-11-26 01:01:19.772] [jointLog] [info] processed bias for 0.0% of the transcripts
[2022-11-26 01:01:38.110] [jointLog] [info] processed bias for 10.0% of the transcripts
[2022-11-26 01:01:54.423] [jointLog] [info] processed bias for 20.0% of the transcripts
[2022-11-26 01:02:10.394] [jointLog] [info] processed bias for 30.0% of the transcripts
[2022-11-26 01:02:26.569] [jointLog] [info] processed bias for 40.0% of the transcripts
[2022-11-26 01:02:44.990] [jointLog] [info] processed bias for 50.0% of the transcripts
[2022-11-26 01:03:02.295] [jointLog] [info] processed bias for 60.0% of the transcripts
[2022-11-26 01:03:17.702] [jointLog] [info] processed bias for 70.0% of the transcripts
[2022-11-26 01:03:31.490] [jointLog] [info] processed bias for 80.0% of the transcripts
[2022-11-26 01:03:46.476] [jointLog] [info] processed bias for 90.0% of the transcripts
[2022-11-26 01:04:03.560] [jointLog] [info] processed bias for 100.0% of the transcripts
[2022-11-26 01:04:09.583] [jointLog] [info] iteration = 100 | max rel diff. = 16.2813
[2022-11-26 01:04:16.354] [jointLog] [info] iteration = 200 | max rel diff. = 12.3648
[2022-11-26 01:04:23.080] [jointLog] [info] iteration = 300 | max rel diff. = 11.0939
[2022-11-26 01:04:29.940] [jointLog] [info] iteration = 400 | max rel diff. = 1.90561
[2022-11-26 01:04:36.888] [jointLog] [info] iteration = 500 | max rel diff. = 0.482163
[2022-11-26 01:04:43.311] [jointLog] [info] iteration = 600 | max rel diff. = 0.560538
[2022-11-26 01:04:49.921] [jointLog] [info] iteration = 700 | max rel diff. = 1.45066
[2022-11-26 01:04:56.695] [jointLog] [info] iteration = 800 | max rel diff. = 3.25892
[2022-11-26 01:05:03.654] [jointLog] [info] iteration = 900 | max rel diff. = 0.434597
[2022-11-26 01:05:10.254] [jointLog] [info] iteration = 1,000 | max rel diff. = 4.35123
[2022-11-26 01:05:17.449] [jointLog] [info] iteration = 1,100 | max rel diff. = 2.58323
[2022-11-26 01:05:23.973] [jointLog] [info] iteration = 1,200 | max rel diff. = 0.0247151
[2022-11-26 01:05:30.677] [jointLog] [info] iteration = 1,300 | max rel diff. = 0.236791
[2022-11-26 01:05:36.852] [jointLog] [info] iteration = 1,400 | max rel diff. = 0.15891
[2022-11-26 01:05:43.415] [jointLog] [info] iteration = 1,500 | max rel diff. = 0.0451588
[2022-11-26 01:05:50.200] [jointLog] [info] iteration = 1,600 | max rel diff. = 0.161016
[2022-11-26 01:05:56.979] [jointLog] [info] iteration = 1,700 | max rel diff. = 0.0546839
[2022-11-26 01:06:03.853] [jointLog] [info] iteration = 1,800 | max rel diff. = 5.60969
[2022-11-26 01:06:10.697] [jointLog] [info] iteration = 1,900 | max rel diff. = 0.160818
[2022-11-26 01:06:17.443] [jointLog] [info] iteration = 2,000 | max rel diff. = 0.124314
[2022-11-26 01:06:24.018] [jointLog] [info] iteration = 2,100 | max rel diff. = 0.0830228
[2022-11-26 01:06:30.547] [jointLog] [info] iteration = 2,200 | max rel diff. = 0.918933
[2022-11-26 01:06:36.969] [jointLog] [info] iteration = 2,300 | max rel diff. = 0.0186416
[2022-11-26 01:06:43.537] [jointLog] [info] iteration = 2,400 | max rel diff. = 0.3117
[2022-11-26 01:06:45.903] [jointLog] [info] iteration = 2,437 | max rel diff. = 0.00593215
[2022-11-26 01:06:45.966] [jointLog] [info] Finished optimizer
[2022-11-26 01:06:45.966] [jointLog] [info] writing output 

[2022-11-26 01:06:47.286] [jointLog] [info] Starting Bootstrapping
[2022-11-26 01:06:47.814] [jointLog] [info] Will draw 50 bootstrap samples
[2022-11-26 01:06:47.814] [jointLog] [info] Optimizing over 559,465 equivalence classes
[2022-11-26 01:06:47.940] [jointLog] [info] Marked 0 weighted equivalence classes as degenerate
[2022-11-26 01:09:41.535] [jointLog] [info] wrote 1 bootstraps
[2022-11-26 01:10:26.948] [jointLog] [info] wrote 2 bootstraps
[2022-11-26 01:11:57.128] [jointLog] [info] wrote 3 bootstraps
[2022-11-26 01:13:17.931] [jointLog] [info] wrote 4 bootstraps
[2022-11-26 01:13:59.195] [jointLog] [info] wrote 5 bootstraps
[2022-11-26 01:15:07.962] [jointLog] [info] wrote 6 bootstraps
[2022-11-26 01:18:16.440] [jointLog] [info] wrote 7 bootstraps
[2022-11-26 01:18:17.002] [jointLog] [info] wrote 8 bootstraps
[2022-11-26 01:18:25.795] [jointLog] [info] wrote 9 bootstraps
[2022-11-26 01:22:00.273] [jointLog] [info] wrote 10 bootstraps
[2022-11-26 01:22:39.246] [jointLog] [info] wrote 11 bootstraps
[2022-11-26 01:22:41.782] [jointLog] [info] wrote 12 bootstraps
[2022-11-26 01:26:16.231] [jointLog] [info] wrote 13 bootstraps
[2022-11-26 01:26:20.980] [jointLog] [info] wrote 14 bootstraps
[2022-11-26 01:27:15.458] [jointLog] [info] wrote 15 bootstraps
[2022-11-26 01:29:54.409] [jointLog] [info] wrote 16 bootstraps
[2022-11-26 01:30:40.914] [jointLog] [info] wrote 17 bootstraps
[2022-11-26 01:31:38.829] [jointLog] [info] wrote 18 bootstraps
[2022-11-26 01:34:25.654] [jointLog] [info] wrote 19 bootstraps
[2022-11-26 01:35:04.432] [jointLog] [info] wrote 20 bootstraps
[2022-11-26 01:36:11.352] [jointLog] [info] wrote 21 bootstraps
[2022-11-26 01:37:56.705] [jointLog] [info] wrote 22 bootstraps
[2022-11-26 01:38:55.904] [jointLog] [info] wrote 23 bootstraps
[2022-11-26 01:40:23.682] [jointLog] [info] wrote 24 bootstraps
[2022-11-26 01:42:14.200] [jointLog] [info] wrote 25 bootstraps
[2022-11-26 01:43:07.320] [jointLog] [info] wrote 26 bootstraps
[2022-11-26 01:44:55.539] [jointLog] [info] wrote 27 bootstraps
[2022-11-26 01:46:24.444] [jointLog] [info] wrote 28 bootstraps
[2022-11-26 01:47:13.063] [jointLog] [info] wrote 29 bootstraps
[2022-11-26 01:49:13.056] [jointLog] [info] wrote 30 bootstraps
[2022-11-26 01:51:39.088] [jointLog] [info] wrote 31 bootstraps
[2022-11-26 01:52:02.553] [jointLog] [info] wrote 32 bootstraps
[2022-11-26 01:54:05.992] [jointLog] [info] wrote 33 bootstraps
[2022-11-26 01:55:05.001] [jointLog] [info] wrote 34 bootstraps
[2022-11-26 01:56:40.618] [jointLog] [info] wrote 35 bootstraps
[2022-11-26 01:59:01.944] [jointLog] [info] wrote 36 bootstraps
[2022-11-26 01:59:28.860] [jointLog] [info] wrote 37 bootstraps
[2022-11-26 02:01:37.903] [jointLog] [info] wrote 38 bootstraps
[2022-11-26 02:03:35.911] [jointLog] [info] wrote 39 bootstraps
[2022-11-26 02:04:22.597] [jointLog] [info] wrote 40 bootstraps
[2022-11-26 02:04:56.098] [jointLog] [info] wrote 41 bootstraps
[2022-11-26 02:07:14.150] [jointLog] [info] wrote 42 bootstraps
[2022-11-26 02:08:05.008] [jointLog] [info] wrote 43 bootstraps
[2022-11-26 02:08:09.677] [jointLog] [info] wrote 44 bootstraps
[2022-11-26 02:11:16.289] [jointLog] [info] wrote 45 bootstraps
[2022-11-26 02:12:19.726] [jointLog] [info] wrote 46 bootstraps
[2022-11-26 02:13:05.364] [jointLog] [info] wrote 47 bootstraps
[2022-11-26 02:15:24.183] [jointLog] [info] wrote 48 bootstraps
[2022-11-26 02:16:28.827] [jointLog] [info] wrote 49 bootstraps
[2022-11-26 02:17:22.340] [jointLog] [info] wrote 50 bootstraps
[2022-11-26 02:17:22.395] [jointLog] [info] Finished Bootstrapping
[2022-11-26 02:17:22.395] [jointLog] [info] Computing gene-level abundance estimates
[2022-11-26 02:26:35.181] [jointLog] [info] There were 246624 transcripts mapping to 61544 genes
[2022-11-26 02:26:35.289] [jointLog] [info] NOTE: We recommend using tximport (https://bioconductor.org/packages/release/bioc/html/tximport.html) for aggregating transcript-level salmon abundance estimates to the gene level.  It is more versatile, exposes more features, and allows considering multi-sample information during aggregation.
[2022-11-26 02:26:35.870] [jointLog] [info] Aggregating expressions to gene level
[2022-11-26 02:26:36.429] [jointLog] [info] done
