[2022-06-23 20:22:47.292] [jointLog] [info] setting maxHashResizeThreads to 4
[2022-06-23 20:22:47.292] [jointLog] [info] Fragment incompatibility prior below threshold.  Incompatible fragments will be ignored.
[2022-06-23 20:22:47.292] [jointLog] [info] Usage of --validateMappings implies use of minScoreFraction. Since not explicitly specified, it is being set to 0.65
[2022-06-23 20:22:47.292] [jointLog] [info] Setting consensusSlack to selective-alignment default of 0.35.
[2022-06-23 20:22:47.292] [jointLog] [info] parsing read library format
[2022-06-23 20:22:47.292] [jointLog] [info] There is 1 library.
[2022-06-23 20:22:47.307] [jointLog] [info] Loading pufferfish index
[2022-06-23 20:22:47.323] [jointLog] [info] Loading dense pufferfish index.
[2022-06-23 20:24:47.190] [jointLog] [info] done
[2022-06-23 20:24:47.302] [jointLog] [info] Index contained 245,455 targets
[2022-06-23 20:24:51.676] [jointLog] [info] Number of decoys : 194
[2022-06-23 20:24:51.676] [jointLog] [info] First decoy index : 245,220 
[2022-06-23 20:24:53.651] [jointLog] [info] Automatically detected most likely library type as ISF

[2022-06-23 20:46:36.482] [jointLog] [info] Thread saw mini-batch with a maximum of 2.70% zero probability fragments
[2022-06-23 20:46:36.642] [jointLog] [info] Thread saw mini-batch with a maximum of 2.76% zero probability fragments
[2022-06-23 20:46:36.907] [jointLog] [info] Thread saw mini-batch with a maximum of 2.74% zero probability fragments
[2022-06-23 20:46:36.978] [jointLog] [info] Thread saw mini-batch with a maximum of 2.64% zero probability fragments
[2022-06-23 20:46:37.947] [jointLog] [info] Computed 528,513 rich equivalence classes for further processing
[2022-06-23 20:46:37.947] [jointLog] [info] Counted 47,045,043 total reads in the equivalence classes 
[2022-06-23 20:46:37.958] [jointLog] [warning] 0.00149939% of fragments were shorter than the k used to build the index.
If this fraction is too large, consider re-building the index with a smaller k.
The minimum read size found was 15.


[2022-06-23 20:46:37.958] [jointLog] [info] Number of mappings discarded because of alignment score : 32,361,725
[2022-06-23 20:46:37.958] [jointLog] [info] Number of fragments entirely discarded because of alignment score : 2,066,044
[2022-06-23 20:46:37.958] [jointLog] [info] Number of fragments discarded because they are best-mapped to decoys : 1,223,300
[2022-06-23 20:46:37.958] [jointLog] [info] Number of fragments discarded because they have only dovetail (discordant) mappings to valid targets : 252,504
[2022-06-23 20:46:37.958] [jointLog] [info] Mapping rate = 89.177%

[2022-06-23 20:46:37.958] [jointLog] [info] finished quantifyLibrary()
[2022-06-23 20:46:37.959] [jointLog] [info] Starting optimizer
[2022-06-23 20:46:37.948] [fileLog] [info] 
At end of round 0
==================
Observed 52754685 total fragments (52754685 in most recent round)

[2022-06-23 20:46:38.371] [jointLog] [info] Marked 0 weighted equivalence classes as degenerate
[2022-06-23 20:46:38.429] [jointLog] [info] iteration = 0 | max rel diff. = 1132.19
[2022-06-23 20:46:39.038] [jointLog] [info] iteration 11, adjusting effective lengths to account for biases
[2022-06-23 20:50:48.592] [jointLog] [info] Computed expected counts (for bias correction)
[2022-06-23 20:50:48.593] [jointLog] [info] processed bias for 0.0% of the transcripts
[2022-06-23 20:51:11.027] [jointLog] [info] processed bias for 10.0% of the transcripts
[2022-06-23 20:51:31.558] [jointLog] [info] processed bias for 20.0% of the transcripts
[2022-06-23 20:51:52.360] [jointLog] [info] processed bias for 30.0% of the transcripts
[2022-06-23 20:52:13.304] [jointLog] [info] processed bias for 40.0% of the transcripts
[2022-06-23 20:52:33.841] [jointLog] [info] processed bias for 50.0% of the transcripts
[2022-06-23 20:52:53.250] [jointLog] [info] processed bias for 60.0% of the transcripts
[2022-06-23 20:53:11.754] [jointLog] [info] processed bias for 70.0% of the transcripts
[2022-06-23 20:53:31.854] [jointLog] [info] processed bias for 80.0% of the transcripts
[2022-06-23 20:53:54.116] [jointLog] [info] processed bias for 90.0% of the transcripts
[2022-06-23 20:54:15.302] [jointLog] [info] processed bias for 100.0% of the transcripts
[2022-06-23 20:54:19.684] [jointLog] [info] iteration = 100 | max rel diff. = 13.8381
[2022-06-23 20:54:24.255] [jointLog] [info] iteration = 200 | max rel diff. = 18.2592
[2022-06-23 20:54:29.093] [jointLog] [info] iteration = 300 | max rel diff. = 2.87316
[2022-06-23 20:54:34.045] [jointLog] [info] iteration = 400 | max rel diff. = 9.81465
[2022-06-23 20:54:39.088] [jointLog] [info] iteration = 500 | max rel diff. = 1.53581
[2022-06-23 20:54:43.866] [jointLog] [info] iteration = 600 | max rel diff. = 1.18499
[2022-06-23 20:54:48.657] [jointLog] [info] iteration = 700 | max rel diff. = 1.00989
[2022-06-23 20:54:53.587] [jointLog] [info] iteration = 800 | max rel diff. = 0.586155
[2022-06-23 20:54:58.718] [jointLog] [info] iteration = 900 | max rel diff. = 0.299977
[2022-06-23 20:55:03.499] [jointLog] [info] iteration = 1,000 | max rel diff. = 8.96723
[2022-06-23 20:55:08.358] [jointLog] [info] iteration = 1,100 | max rel diff. = 0.0616013
[2022-06-23 20:55:13.464] [jointLog] [info] iteration = 1,200 | max rel diff. = 0.082815
[2022-06-23 20:55:18.666] [jointLog] [info] iteration = 1,300 | max rel diff. = 0.0757858
[2022-06-23 20:55:23.793] [jointLog] [info] iteration = 1,400 | max rel diff. = 0.265198
[2022-06-23 20:55:28.935] [jointLog] [info] iteration = 1,500 | max rel diff. = 0.271746
[2022-06-23 20:55:34.013] [jointLog] [info] iteration = 1,600 | max rel diff. = 0.0949673
[2022-06-23 20:55:38.851] [jointLog] [info] iteration = 1,700 | max rel diff. = 0.032695
[2022-06-23 20:55:43.981] [jointLog] [info] iteration = 1,800 | max rel diff. = 0.0559431
[2022-06-23 20:55:48.937] [jointLog] [info] iteration = 1,900 | max rel diff. = 0.0898538
[2022-06-23 20:55:53.540] [jointLog] [info] iteration = 2,000 | max rel diff. = 0.0599685
[2022-06-23 20:55:58.562] [jointLog] [info] iteration = 2,100 | max rel diff. = 0.0517183
[2022-06-23 20:56:03.684] [jointLog] [info] iteration = 2,200 | max rel diff. = 0.028533
[2022-06-23 20:56:08.895] [jointLog] [info] iteration = 2,300 | max rel diff. = 0.170895
[2022-06-23 20:56:13.928] [jointLog] [info] iteration = 2,400 | max rel diff. = 0.0528971
[2022-06-23 20:56:14.893] [jointLog] [info] iteration = 2,421 | max rel diff. = 0.00837631
[2022-06-23 20:56:14.947] [jointLog] [info] Finished optimizer
[2022-06-23 20:56:14.947] [jointLog] [info] writing output 

