[2022-06-23 21:10:57.342] [jointLog] [info] setting maxHashResizeThreads to 4
[2022-06-23 21:10:57.342] [jointLog] [info] Fragment incompatibility prior below threshold.  Incompatible fragments will be ignored.
[2022-06-23 21:10:57.342] [jointLog] [info] Usage of --validateMappings implies use of minScoreFraction. Since not explicitly specified, it is being set to 0.65
[2022-06-23 21:10:57.342] [jointLog] [info] Setting consensusSlack to selective-alignment default of 0.35.
[2022-06-23 21:10:57.342] [jointLog] [info] parsing read library format
[2022-06-23 21:10:57.343] [jointLog] [info] There is 1 library.
[2022-06-23 21:10:57.343] [jointLog] [info] Loading pufferfish index
[2022-06-23 21:10:57.344] [jointLog] [info] Loading dense pufferfish index.
[2022-06-23 21:11:38.262] [jointLog] [info] done
[2022-06-23 21:11:38.369] [jointLog] [info] Index contained 245,455 targets
[2022-06-23 21:11:41.546] [jointLog] [info] Number of decoys : 194
[2022-06-23 21:11:41.546] [jointLog] [info] First decoy index : 245,220 
[2022-06-23 21:11:43.208] [jointLog] [info] Automatically detected most likely library type as ISF

[2022-06-23 21:25:18.199] [jointLog] [info] Thread saw mini-batch with a maximum of 3.50% zero probability fragments
[2022-06-23 21:25:18.254] [jointLog] [info] Thread saw mini-batch with a maximum of 3.60% zero probability fragments
[2022-06-23 21:25:18.288] [jointLog] [info] Thread saw mini-batch with a maximum of 3.56% zero probability fragments
[2022-06-23 21:25:18.407] [jointLog] [info] Thread saw mini-batch with a maximum of 3.50% zero probability fragments
[2022-06-23 21:25:18.800] [jointLog] [info] Computed 494,646 rich equivalence classes for further processing
[2022-06-23 21:25:18.800] [jointLog] [info] Counted 44,147,805 total reads in the equivalence classes 
[2022-06-23 21:25:18.804] [jointLog] [warning] 0.00123736% of fragments were shorter than the k used to build the index.
If this fraction is too large, consider re-building the index with a smaller k.
The minimum read size found was 15.


[2022-06-23 21:25:18.804] [jointLog] [info] Number of mappings discarded because of alignment score : 28,387,801
[2022-06-23 21:25:18.804] [jointLog] [info] Number of fragments entirely discarded because of alignment score : 2,343,005
[2022-06-23 21:25:18.804] [jointLog] [info] Number of fragments discarded because they are best-mapped to decoys : 1,689,369
[2022-06-23 21:25:18.804] [jointLog] [info] Number of fragments discarded because they have only dovetail (discordant) mappings to valid targets : 217,398
[2022-06-23 21:25:18.804] [jointLog] [info] Mapping rate = 85.8912%

[2022-06-23 21:25:18.804] [jointLog] [info] finished quantifyLibrary()
[2022-06-23 21:25:18.806] [jointLog] [info] Starting optimizer
[2022-06-23 21:25:18.801] [fileLog] [info] 
At end of round 0
==================
Observed 51399659 total fragments (51399659 in most recent round)

[2022-06-23 21:25:19.044] [jointLog] [info] Marked 0 weighted equivalence classes as degenerate
[2022-06-23 21:25:19.088] [jointLog] [info] iteration = 0 | max rel diff. = 2099.27
[2022-06-23 21:25:19.445] [jointLog] [info] iteration 11, adjusting effective lengths to account for biases
[2022-06-23 21:27:02.389] [jointLog] [info] Computed expected counts (for bias correction)
[2022-06-23 21:27:02.389] [jointLog] [info] processed bias for 0.0% of the transcripts
[2022-06-23 21:27:14.055] [jointLog] [info] processed bias for 10.0% of the transcripts
[2022-06-23 21:27:24.578] [jointLog] [info] processed bias for 20.0% of the transcripts
[2022-06-23 21:27:35.665] [jointLog] [info] processed bias for 30.0% of the transcripts
[2022-06-23 21:27:46.749] [jointLog] [info] processed bias for 40.0% of the transcripts
[2022-06-23 21:27:57.377] [jointLog] [info] processed bias for 50.0% of the transcripts
[2022-06-23 21:28:08.104] [jointLog] [info] processed bias for 60.0% of the transcripts
[2022-06-23 21:28:18.886] [jointLog] [info] processed bias for 70.0% of the transcripts
[2022-06-23 21:28:29.990] [jointLog] [info] processed bias for 80.0% of the transcripts
[2022-06-23 21:28:42.143] [jointLog] [info] processed bias for 90.0% of the transcripts
[2022-06-23 21:28:52.691] [jointLog] [info] processed bias for 100.0% of the transcripts
[2022-06-23 21:28:55.916] [jointLog] [info] iteration = 100 | max rel diff. = 14.9092
[2022-06-23 21:28:59.811] [jointLog] [info] iteration = 200 | max rel diff. = 20.7953
[2022-06-23 21:29:04.159] [jointLog] [info] iteration = 300 | max rel diff. = 9.505
[2022-06-23 21:29:08.581] [jointLog] [info] iteration = 400 | max rel diff. = 2.29093
[2022-06-23 21:29:13.056] [jointLog] [info] iteration = 500 | max rel diff. = 0.506473
[2022-06-23 21:29:17.462] [jointLog] [info] iteration = 600 | max rel diff. = 0.847098
[2022-06-23 21:29:21.784] [jointLog] [info] iteration = 700 | max rel diff. = 0.665099
[2022-06-23 21:29:26.114] [jointLog] [info] iteration = 800 | max rel diff. = 0.484764
[2022-06-23 21:29:30.410] [jointLog] [info] iteration = 900 | max rel diff. = 1.27699
[2022-06-23 21:29:34.772] [jointLog] [info] iteration = 1,000 | max rel diff. = 0.322791
[2022-06-23 21:29:39.112] [jointLog] [info] iteration = 1,100 | max rel diff. = 0.19708
[2022-06-23 21:29:43.406] [jointLog] [info] iteration = 1,200 | max rel diff. = 0.846835
[2022-06-23 21:29:47.735] [jointLog] [info] iteration = 1,300 | max rel diff. = 1.74218
[2022-06-23 21:29:52.083] [jointLog] [info] iteration = 1,400 | max rel diff. = 0.26891
[2022-06-23 21:29:56.396] [jointLog] [info] iteration = 1,500 | max rel diff. = 0.0800419
[2022-06-23 21:30:00.715] [jointLog] [info] iteration = 1,600 | max rel diff. = 1.28027
[2022-06-23 21:30:04.994] [jointLog] [info] iteration = 1,700 | max rel diff. = 0.0146708
[2022-06-23 21:30:09.351] [jointLog] [info] iteration = 1,800 | max rel diff. = 0.209841
[2022-06-23 21:30:13.832] [jointLog] [info] iteration = 1,900 | max rel diff. = 0.0244875
[2022-06-23 21:30:18.636] [jointLog] [info] iteration = 2,000 | max rel diff. = 0.0569359
[2022-06-23 21:30:23.032] [jointLog] [info] iteration = 2,094 | max rel diff. = 0.0064477
[2022-06-23 21:30:23.065] [jointLog] [info] Finished optimizer
[2022-06-23 21:30:23.065] [jointLog] [info] writing output 

