IRFinder version: 1.3.0
IRFinder start:  Mon Feb 7 18:11:12 GMT 2022
IRFinder runmode: BAM
IRFinder user@host: mzanovel @ burns-610-137.local
IRFinder working dir:  /SAN/vyplab/first_weeks/TDP_CHX_CLONES_GLIA/rna_seq_snakemake
IRFinder reference: /SAN/vyplab/alb_projects/tools/IRFinder/REF/human_gencode_v34/irfinder/
IRFinder file 1: /SAN/vyplab/first_weeks/TDP_CHX_CLONES_GLIA/IRFinder/chx-tdp_DOX_ctrl_2_namesorted.bam
IRFinder file 2: 
---
IRFinder run with options:
Output Dir	/SAN/vyplab/first_weeks/TDP_CHX_CLONES_GLIA/IRFinder/chx-tdp_DOX_ctrl_2
Main intron reference:	/SAN/vyplab/alb_projects/tools/IRFinder/REF/human_gencode_v34/irfinder//IRFinder/ref-cover.bed
Read spans reference:	/SAN/vyplab/alb_projects/tools/IRFinder/REF/human_gencode_v34/irfinder//IRFinder/ref-read-continues.ref
Optional ROI reference:	/SAN/vyplab/alb_projects/tools/IRFinder/REF/human_gencode_v34/irfinder//IRFinder/ref-ROI.bed
Optional BAM output:	NULL
Total reads processed: 107710765
Total nucleotides: 5801179051
Total singles processed: 0
Total pairs processed: 41151862
Short pairs: 8673062
Intersect pairs: 24877767
Long pairs: 7601033
Skipped reads: 25406537
Error reads: 504
Directionality: Dir evidence:	126193
Directionality: Nondir evidence:	340
Directionality: Dir evidence known junctions:	119261
Directionality: Nondir evidence known junctions:	227
Directionality: Dir matches ref:	119256
Directionality: Dir opposed to ref:	5
Directionality: Dir score all (0-10000):	9973
Directionality: Dir score known junctions (0-10000):	9980
RNA-Seq directionality -1/0/+1:	1
